<?xml version="1.0" encoding="UTF-8"?>
<coverage generated="1681941740948" clover="3.2.0">
  <project timestamp="1681941740948" name="All files">
    <metrics statements="817" coveredstatements="546" conditionals="335" coveredconditionals="192" methods="183" coveredmethods="119" elements="1335" coveredelements="857" complexity="0" loc="817" ncloc="817" packages="45" files="99" classes="99"/>
    <package name="src">
      <metrics statements="25" coveredstatements="0" conditionals="1" coveredconditionals="0" methods="0" coveredmethods="0"/>
      <file name="App.tsx" path="C:\Users\ryan\Desktop\Projects\RyanMaber\portfolio\services\frontend\src\App.tsx">
        <metrics statements="25" coveredstatements="0" conditionals="1" coveredconditionals="0" methods="0" coveredmethods="0"/>
        <line num="1" count="0" type="stmt"/>
        <line num="2" count="0" type="stmt"/>
        <line num="3" count="0" type="stmt"/>
        <line num="4" count="0" type="stmt"/>
        <line num="5" count="0" type="stmt"/>
        <line num="6" count="0" type="stmt"/>
        <line num="7" count="0" type="stmt"/>
        <line num="8" count="0" type="stmt"/>
        <line num="9" count="0" type="stmt"/>
        <line num="10" count="0" type="stmt"/>
        <line num="11" count="0" type="stmt"/>
        <line num="12" count="0" type="stmt"/>
        <line num="13" count="0" type="stmt"/>
        <line num="14" count="0" type="stmt"/>
        <line num="15" count="0" type="stmt"/>
        <line num="16" count="0" type="stmt"/>
        <line num="17" count="0" type="stmt"/>
        <line num="19" count="0" type="stmt"/>
        <line num="48" count="0" type="stmt"/>
        <line num="52" count="0" type="stmt"/>
        <line num="57" count="0" type="stmt"/>
        <line num="59" count="0" type="stmt"/>
        <line num="60" count="0" type="cond" truecount="0" falsecount="1"/>
        <line num="61" count="0" type="stmt"/>
        <line num="63" count="0" type="stmt"/>
      </file>
    </package>
    <package name="src.config">
      <metrics statements="20" coveredstatements="17" conditionals="6" coveredconditionals="4" methods="9" coveredmethods="2"/>
      <file name="constants.ts" path="C:\Users\ryan\Desktop\Projects\RyanMaber\portfolio\services\frontend\src\config\constants.ts">
        <metrics statements="8" coveredstatements="8" conditionals="2" coveredconditionals="2" methods="1" coveredmethods="1"/>
        <line num="1" count="3" type="stmt"/>
        <line num="3" count="3" type="cond" truecount="2" falsecount="0"/>
        <line num="4" count="3" type="stmt"/>
        <line num="5" count="3" type="stmt"/>
        <line num="6" count="3" type="stmt"/>
        <line num="7" count="3" type="stmt"/>
        <line num="8" count="3" type="stmt"/>
        <line num="9" count="3" type="stmt"/>
      </file>
      <file name="global.d.ts" path="C:\Users\ryan\Desktop\Projects\RyanMaber\portfolio\services\frontend\src\config\global.d.ts">
        <metrics statements="0" coveredstatements="0" conditionals="0" coveredconditionals="0" methods="0" coveredmethods="0"/>
      </file>
      <file name="graphql.ts" path="C:\Users\ryan\Desktop\Projects\RyanMaber\portfolio\services\frontend\src\config\graphql.ts">
        <metrics statements="3" coveredstatements="0" conditionals="2" coveredconditionals="0" methods="1" coveredmethods="0"/>
        <line num="160" count="0" type="cond" truecount="0" falsecount="2"/>
        <line num="161" count="0" type="stmt"/>
        <line num="162" count="0" type="stmt"/>
      </file>
      <file name="routes.tsx" path="C:\Users\ryan\Desktop\Projects\RyanMaber\portfolio\services\frontend\src\config\routes.tsx">
        <metrics statements="9" coveredstatements="9" conditionals="2" coveredconditionals="2" methods="7" coveredmethods="1"/>
        <line num="1" count="2" type="stmt"/>
        <line num="3" count="2" type="stmt"/>
        <line num="5" count="2" type="stmt"/>
        <line num="6" count="2" type="stmt"/>
        <line num="7" count="2" type="stmt"/>
        <line num="9" count="2" type="cond" truecount="2" falsecount="0"/>
        <line num="10" count="2" type="stmt"/>
        <line num="19" count="2" type="stmt"/>
        <line num="48" count="2" type="stmt"/>
      </file>
      <file name="storyblok.d.ts" path="C:\Users\ryan\Desktop\Projects\RyanMaber\portfolio\services\frontend\src\config\storyblok.d.ts">
        <metrics statements="0" coveredstatements="0" conditionals="0" coveredconditionals="0" methods="0" coveredmethods="0"/>
      </file>
    </package>
    <package name="src.features.about">
      <metrics statements="9" coveredstatements="0" conditionals="0" coveredconditionals="0" methods="1" coveredmethods="0"/>
      <file name="AboutPage.tsx" path="C:\Users\ryan\Desktop\Projects\RyanMaber\portfolio\services\frontend\src\features\about\AboutPage.tsx">
        <metrics statements="9" coveredstatements="0" conditionals="0" coveredconditionals="0" methods="1" coveredmethods="0"/>
        <line num="1" count="0" type="stmt"/>
        <line num="2" count="0" type="stmt"/>
        <line num="3" count="0" type="stmt"/>
        <line num="4" count="0" type="stmt"/>
        <line num="5" count="0" type="stmt"/>
        <line num="6" count="0" type="stmt"/>
        <line num="8" count="0" type="stmt"/>
        <line num="9" count="0" type="stmt"/>
        <line num="25" count="0" type="stmt"/>
      </file>
    </package>
    <package name="src.features.about.components">
      <metrics statements="30" coveredstatements="0" conditionals="0" coveredconditionals="0" methods="4" coveredmethods="0"/>
      <file name="ContactSection.tsx" path="C:\Users\ryan\Desktop\Projects\RyanMaber\portfolio\services\frontend\src\features\about\components\ContactSection.tsx">
        <metrics statements="7" coveredstatements="0" conditionals="0" coveredconditionals="0" methods="1" coveredmethods="0"/>
        <line num="1" count="0" type="stmt"/>
        <line num="2" count="0" type="stmt"/>
        <line num="3" count="0" type="stmt"/>
        <line num="4" count="0" type="stmt"/>
        <line num="6" count="0" type="stmt"/>
        <line num="8" count="0" type="stmt"/>
        <line num="9" count="0" type="stmt"/>
      </file>
      <file name="HeadingSection.tsx" path="C:\Users\ryan\Desktop\Projects\RyanMaber\portfolio\services\frontend\src\features\about\components\HeadingSection.tsx">
        <metrics statements="5" coveredstatements="0" conditionals="0" coveredconditionals="0" methods="1" coveredmethods="0"/>
        <line num="1" count="0" type="stmt"/>
        <line num="2" count="0" type="stmt"/>
        <line num="3" count="0" type="stmt"/>
        <line num="5" count="0" type="stmt"/>
        <line num="6" count="0" type="stmt"/>
      </file>
      <file name="LiveStatsSection.tsx" path="C:\Users\ryan\Desktop\Projects\RyanMaber\portfolio\services\frontend\src\features\about\components\LiveStatsSection.tsx">
        <metrics statements="8" coveredstatements="0" conditionals="0" coveredconditionals="0" methods="1" coveredmethods="0"/>
        <line num="1" count="0" type="stmt"/>
        <line num="2" count="0" type="stmt"/>
        <line num="3" count="0" type="stmt"/>
        <line num="4" count="0" type="stmt"/>
        <line num="5" count="0" type="stmt"/>
        <line num="6" count="0" type="stmt"/>
        <line num="8" count="0" type="stmt"/>
        <line num="9" count="0" type="stmt"/>
      </file>
      <file name="MapSection.tsx" path="C:\Users\ryan\Desktop\Projects\RyanMaber\portfolio\services\frontend\src\features\about\components\MapSection.tsx">
        <metrics statements="10" coveredstatements="0" conditionals="0" coveredconditionals="0" methods="1" coveredmethods="0"/>
        <line num="1" count="0" type="stmt"/>
        <line num="2" count="0" type="stmt"/>
        <line num="3" count="0" type="stmt"/>
        <line num="4" count="0" type="stmt"/>
        <line num="5" count="0" type="stmt"/>
        <line num="6" count="0" type="stmt"/>
        <line num="7" count="0" type="stmt"/>
        <line num="8" count="0" type="stmt"/>
        <line num="10" count="0" type="stmt"/>
        <line num="11" count="0" type="stmt"/>
      </file>
    </package>
    <package name="src.features.about.components.Tile">
      <metrics statements="36" coveredstatements="36" conditionals="22" coveredconditionals="19" methods="3" coveredmethods="3"/>
      <file name="ErrorCountTile.tsx" path="C:\Users\ryan\Desktop\Projects\RyanMaber\portfolio\services\frontend\src\features\about\components\Tile\ErrorCountTile.tsx">
        <metrics statements="11" coveredstatements="11" conditionals="7" coveredconditionals="6" methods="1" coveredmethods="1"/>
        <line num="1" count="1" type="stmt"/>
        <line num="2" count="1" type="stmt"/>
        <line num="3" count="1" type="stmt"/>
        <line num="5" count="1" type="stmt"/>
        <line num="6" count="2" type="stmt"/>
        <line num="8" count="2" type="stmt"/>
        <line num="9" count="2" type="stmt"/>
        <line num="11" count="2" type="cond" truecount="6" falsecount="1"/>
        <line num="12" count="1" type="stmt"/>
        <line num="19" count="1" type="stmt"/>
        <line num="21" count="1" type="stmt"/>
      </file>
      <file name="LastReleaseTile.tsx" path="C:\Users\ryan\Desktop\Projects\RyanMaber\portfolio\services\frontend\src\features\about\components\Tile\LastReleaseTile.tsx">
        <metrics statements="14" coveredstatements="14" conditionals="8" coveredconditionals="7" methods="1" coveredmethods="1"/>
        <line num="1" count="1" type="stmt"/>
        <line num="2" count="1" type="stmt"/>
        <line num="3" count="1" type="stmt"/>
        <line num="4" count="1" type="stmt"/>
        <line num="6" count="1" type="stmt"/>
        <line num="7" count="4" type="stmt"/>
        <line num="9" count="4" type="stmt"/>
        <line num="10" count="4" type="stmt"/>
        <line num="12" count="4" type="cond" truecount="6" falsecount="1"/>
        <line num="13" count="2" type="stmt"/>
        <line num="20" count="2" type="stmt"/>
        <line num="22" count="2" type="cond" truecount="1" falsecount="0"/>
        <line num="23" count="1" type="stmt"/>
        <line num="26" count="1" type="stmt"/>
      </file>
      <file name="ReleasesCountTile.tsx" path="C:\Users\ryan\Desktop\Projects\RyanMaber\portfolio\services\frontend\src\features\about\components\Tile\ReleasesCountTile.tsx">
        <metrics statements="11" coveredstatements="11" conditionals="7" coveredconditionals="6" methods="1" coveredmethods="1"/>
        <line num="1" count="1" type="stmt"/>
        <line num="2" count="1" type="stmt"/>
        <line num="3" count="1" type="stmt"/>
        <line num="5" count="1" type="stmt"/>
        <line num="6" count="2" type="stmt"/>
        <line num="8" count="2" type="stmt"/>
        <line num="9" count="2" type="stmt"/>
        <line num="11" count="2" type="cond" truecount="6" falsecount="1"/>
        <line num="12" count="1" type="stmt"/>
        <line num="19" count="1" type="stmt"/>
        <line num="21" count="1" type="stmt"/>
      </file>
    </package>
    <package name="src.features.articles.library">
      <metrics statements="7" coveredstatements="0" conditionals="0" coveredconditionals="0" methods="1" coveredmethods="0"/>
      <file name="ArticlesPage.tsx" path="C:\Users\ryan\Desktop\Projects\RyanMaber\portfolio\services\frontend\src\features\articles\library\ArticlesPage.tsx">
        <metrics statements="7" coveredstatements="0" conditionals="0" coveredconditionals="0" methods="1" coveredmethods="0"/>
        <line num="1" count="0" type="stmt"/>
        <line num="2" count="0" type="stmt"/>
        <line num="3" count="0" type="stmt"/>
        <line num="4" count="0" type="stmt"/>
        <line num="6" count="0" type="stmt"/>
        <line num="7" count="0" type="stmt"/>
        <line num="15" count="0" type="stmt"/>
      </file>
    </package>
    <package name="src.features.articles.library.components">
      <metrics statements="17" coveredstatements="0" conditionals="15" coveredconditionals="0" methods="3" coveredmethods="0"/>
      <file name="ArticlesSection.tsx" path="C:\Users\ryan\Desktop\Projects\RyanMaber\portfolio\services\frontend\src\features\articles\library\components\ArticlesSection.tsx">
        <metrics statements="12" coveredstatements="0" conditionals="15" coveredconditionals="0" methods="2" coveredmethods="0"/>
        <line num="1" count="0" type="stmt"/>
        <line num="2" count="0" type="stmt"/>
        <line num="3" count="0" type="stmt"/>
        <line num="4" count="0" type="stmt"/>
        <line num="5" count="0" type="stmt"/>
        <line num="6" count="0" type="stmt"/>
        <line num="8" count="0" type="stmt"/>
        <line num="9" count="0" type="stmt"/>
        <line num="11" count="0" type="cond" truecount="0" falsecount="7"/>
        <line num="12" count="0" type="stmt"/>
        <line num="21" count="0" type="stmt"/>
        <line num="35" count="0" type="stmt"/>
      </file>
      <file name="HeadingSection.tsx" path="C:\Users\ryan\Desktop\Projects\RyanMaber\portfolio\services\frontend\src\features\articles\library\components\HeadingSection.tsx">
        <metrics statements="5" coveredstatements="0" conditionals="0" coveredconditionals="0" methods="1" coveredmethods="0"/>
        <line num="1" count="0" type="stmt"/>
        <line num="2" count="0" type="stmt"/>
        <line num="3" count="0" type="stmt"/>
        <line num="5" count="0" type="stmt"/>
        <line num="6" count="0" type="stmt"/>
      </file>
    </package>
    <package name="src.features.articles.viewer">
      <metrics statements="29" coveredstatements="0" conditionals="19" coveredconditionals="0" methods="2" coveredmethods="0"/>
      <file name="ArticlePage.tsx" path="C:\Users\ryan\Desktop\Projects\RyanMaber\portfolio\services\frontend\src\features\articles\viewer\ArticlePage.tsx">
        <metrics statements="29" coveredstatements="0" conditionals="19" coveredconditionals="0" methods="2" coveredmethods="0"/>
        <line num="1" count="0" type="stmt"/>
        <line num="2" count="0" type="stmt"/>
        <line num="3" count="0" type="stmt"/>
        <line num="4" count="0" type="stmt"/>
        <line num="5" count="0" type="stmt"/>
        <line num="6" count="0" type="stmt"/>
        <line num="8" count="0" type="stmt"/>
        <line num="9" count="0" type="stmt"/>
        <line num="10" count="0" type="stmt"/>
        <line num="11" count="0" type="stmt"/>
        <line num="12" count="0" type="stmt"/>
        <line num="13" count="0" type="stmt"/>
        <line num="14" count="0" type="stmt"/>
        <line num="15" count="0" type="stmt"/>
        <line num="16" count="0" type="stmt"/>
        <line num="22" count="0" type="stmt"/>
        <line num="23" count="0" type="stmt"/>
        <line num="25" count="0" type="stmt"/>
        <line num="31" count="0" type="cond" truecount="0" falsecount="3"/>
        <line num="32" count="0" type="stmt"/>
        <line num="51" count="0" type="stmt"/>
        <line num="53" count="0" type="cond" truecount="0" falsecount="2"/>
        <line num="56" count="0" type="cond" truecount="0" falsecount="2"/>
        <line num="62" count="0" type="stmt"/>
        <line num="86" count="0" type="stmt"/>
        <line num="124" count="0" type="stmt"/>
        <line num="125" count="0" type="stmt"/>
        <line num="163" count="0" type="stmt"/>
        <line num="165" count="0" type="stmt"/>
      </file>
    </package>
    <package name="src.features.error">
      <metrics statements="10" coveredstatements="10" conditionals="0" coveredconditionals="0" methods="2" coveredmethods="2"/>
      <file name="GenericErrorPage.tsx" path="C:\Users\ryan\Desktop\Projects\RyanMaber\portfolio\services\frontend\src\features\error\GenericErrorPage.tsx">
        <metrics statements="5" coveredstatements="5" conditionals="0" coveredconditionals="0" methods="1" coveredmethods="1"/>
        <line num="1" count="3" type="stmt"/>
        <line num="2" count="3" type="stmt"/>
        <line num="3" count="3" type="stmt"/>
        <line num="5" count="3" type="stmt"/>
        <line num="6" count="2" type="stmt"/>
      </file>
      <file name="NotFoundPage.tsx" path="C:\Users\ryan\Desktop\Projects\RyanMaber\portfolio\services\frontend\src\features\error\NotFoundPage.tsx">
        <metrics statements="5" coveredstatements="5" conditionals="0" coveredconditionals="0" methods="1" coveredmethods="1"/>
        <line num="1" count="3" type="stmt"/>
        <line num="2" count="3" type="stmt"/>
        <line num="3" count="3" type="stmt"/>
        <line num="5" count="3" type="stmt"/>
        <line num="6" count="1" type="stmt"/>
      </file>
    </package>
    <package name="src.features.home">
      <metrics statements="13" coveredstatements="0" conditionals="4" coveredconditionals="0" methods="2" coveredmethods="0"/>
      <file name="HomePage.tsx" path="C:\Users\ryan\Desktop\Projects\RyanMaber\portfolio\services\frontend\src\features\home\HomePage.tsx">
        <metrics statements="13" coveredstatements="0" conditionals="4" coveredconditionals="0" methods="2" coveredmethods="0"/>
        <line num="1" count="0" type="stmt"/>
        <line num="2" count="0" type="stmt"/>
        <line num="3" count="0" type="stmt"/>
        <line num="4" count="0" type="stmt"/>
        <line num="5" count="0" type="stmt"/>
        <line num="6" count="0" type="stmt"/>
        <line num="7" count="0" type="stmt"/>
        <line num="8" count="0" type="stmt"/>
        <line num="10" count="0" type="stmt"/>
        <line num="11" count="0" type="stmt"/>
        <line num="13" count="0" type="stmt"/>
        <line num="20" count="0" type="cond" truecount="0" falsecount="4"/>
        <line num="32" count="0" type="stmt"/>
      </file>
    </package>
    <package name="src.features.home.components">
      <metrics statements="46" coveredstatements="0" conditionals="0" coveredconditionals="0" methods="6" coveredmethods="0"/>
      <file name="ArticlesSection.tsx" path="C:\Users\ryan\Desktop\Projects\RyanMaber\portfolio\services\frontend\src\features\home\components\ArticlesSection.tsx">
        <metrics statements="7" coveredstatements="0" conditionals="0" coveredconditionals="0" methods="1" coveredmethods="0"/>
        <line num="1" count="0" type="stmt"/>
        <line num="2" count="0" type="stmt"/>
        <line num="3" count="0" type="stmt"/>
        <line num="4" count="0" type="stmt"/>
        <line num="6" count="0" type="stmt"/>
        <line num="7" count="0" type="stmt"/>
        <line num="15" count="0" type="stmt"/>
      </file>
      <file name="ContactSection.tsx" path="C:\Users\ryan\Desktop\Projects\RyanMaber\portfolio\services\frontend\src\features\home\components\ContactSection.tsx">
        <metrics statements="8" coveredstatements="0" conditionals="0" coveredconditionals="0" methods="1" coveredmethods="0"/>
        <line num="1" count="0" type="stmt"/>
        <line num="2" count="0" type="stmt"/>
        <line num="3" count="0" type="stmt"/>
        <line num="4" count="0" type="stmt"/>
        <line num="5" count="0" type="stmt"/>
        <line num="7" count="0" type="stmt"/>
        <line num="8" count="0" type="stmt"/>
        <line num="29" count="0" type="stmt"/>
      </file>
      <file name="CoverSection.tsx" path="C:\Users\ryan\Desktop\Projects\RyanMaber\portfolio\services\frontend\src\features\home\components\CoverSection.tsx">
        <metrics statements="7" coveredstatements="0" conditionals="0" coveredconditionals="0" methods="1" coveredmethods="0"/>
        <line num="1" count="0" type="stmt"/>
        <line num="2" count="0" type="stmt"/>
        <line num="3" count="0" type="stmt"/>
        <line num="4" count="0" type="stmt"/>
        <line num="5" count="0" type="stmt"/>
        <line num="7" count="0" type="stmt"/>
        <line num="8" count="0" type="stmt"/>
      </file>
      <file name="ExperienceSection.tsx" path="C:\Users\ryan\Desktop\Projects\RyanMaber\portfolio\services\frontend\src\features\home\components\ExperienceSection.tsx">
        <metrics statements="6" coveredstatements="0" conditionals="0" coveredconditionals="0" methods="1" coveredmethods="0"/>
        <line num="1" count="0" type="stmt"/>
        <line num="2" count="0" type="stmt"/>
        <line num="3" count="0" type="stmt"/>
        <line num="4" count="0" type="stmt"/>
        <line num="6" count="0" type="stmt"/>
        <line num="7" count="0" type="stmt"/>
      </file>
      <file name="HeadingSection.tsx" path="C:\Users\ryan\Desktop\Projects\RyanMaber\portfolio\services\frontend\src\features\home\components\HeadingSection.tsx">
        <metrics statements="7" coveredstatements="0" conditionals="0" coveredconditionals="0" methods="1" coveredmethods="0"/>
        <line num="1" count="0" type="stmt"/>
        <line num="2" count="0" type="stmt"/>
        <line num="3" count="0" type="stmt"/>
        <line num="4" count="0" type="stmt"/>
        <line num="5" count="0" type="stmt"/>
        <line num="11" count="0" type="stmt"/>
        <line num="12" count="0" type="stmt"/>
      </file>
      <file name="SkillsSection.tsx" path="C:\Users\ryan\Desktop\Projects\RyanMaber\portfolio\services\frontend\src\features\home\components\SkillsSection.tsx">
        <metrics statements="11" coveredstatements="0" conditionals="0" coveredconditionals="0" methods="1" coveredmethods="0"/>
        <line num="1" count="0" type="stmt"/>
        <line num="2" count="0" type="stmt"/>
        <line num="3" count="0" type="stmt"/>
        <line num="4" count="0" type="stmt"/>
        <line num="5" count="0" type="stmt"/>
        <line num="6" count="0" type="stmt"/>
        <line num="7" count="0" type="stmt"/>
        <line num="8" count="0" type="stmt"/>
        <line num="9" count="0" type="stmt"/>
        <line num="11" count="0" type="stmt"/>
        <line num="12" count="0" type="stmt"/>
      </file>
    </package>
    <package name="src.features.projects.library">
      <metrics statements="7" coveredstatements="0" conditionals="0" coveredconditionals="0" methods="1" coveredmethods="0"/>
      <file name="ProjectsPage.tsx" path="C:\Users\ryan\Desktop\Projects\RyanMaber\portfolio\services\frontend\src\features\projects\library\ProjectsPage.tsx">
        <metrics statements="7" coveredstatements="0" conditionals="0" coveredconditionals="0" methods="1" coveredmethods="0"/>
        <line num="1" count="0" type="stmt"/>
        <line num="2" count="0" type="stmt"/>
        <line num="3" count="0" type="stmt"/>
        <line num="4" count="0" type="stmt"/>
        <line num="6" count="0" type="stmt"/>
        <line num="7" count="0" type="stmt"/>
        <line num="12" count="0" type="stmt"/>
      </file>
    </package>
    <package name="src.features.projects.library.components">
      <metrics statements="17" coveredstatements="0" conditionals="15" coveredconditionals="0" methods="3" coveredmethods="0"/>
      <file name="HeadingSection.tsx" path="C:\Users\ryan\Desktop\Projects\RyanMaber\portfolio\services\frontend\src\features\projects\library\components\HeadingSection.tsx">
        <metrics statements="5" coveredstatements="0" conditionals="0" coveredconditionals="0" methods="1" coveredmethods="0"/>
        <line num="1" count="0" type="stmt"/>
        <line num="2" count="0" type="stmt"/>
        <line num="3" count="0" type="stmt"/>
        <line num="5" count="0" type="stmt"/>
        <line num="6" count="0" type="stmt"/>
      </file>
      <file name="ProjectsSection.tsx" path="C:\Users\ryan\Desktop\Projects\RyanMaber\portfolio\services\frontend\src\features\projects\library\components\ProjectsSection.tsx">
        <metrics statements="12" coveredstatements="0" conditionals="15" coveredconditionals="0" methods="2" coveredmethods="0"/>
        <line num="1" count="0" type="stmt"/>
        <line num="2" count="0" type="stmt"/>
        <line num="3" count="0" type="stmt"/>
        <line num="4" count="0" type="stmt"/>
        <line num="5" count="0" type="stmt"/>
        <line num="6" count="0" type="stmt"/>
        <line num="8" count="0" type="stmt"/>
        <line num="9" count="0" type="stmt"/>
        <line num="11" count="0" type="cond" truecount="0" falsecount="7"/>
        <line num="12" count="0" type="stmt"/>
        <line num="21" count="0" type="stmt"/>
        <line num="35" count="0" type="stmt"/>
      </file>
    </package>
    <package name="src.features.projects.viewer">
      <metrics statements="28" coveredstatements="18" conditionals="19" coveredconditionals="0" methods="2" coveredmethods="0"/>
      <file name="ProjectPage.tsx" path="C:\Users\ryan\Desktop\Projects\RyanMaber\portfolio\services\frontend\src\features\projects\viewer\ProjectPage.tsx">
        <metrics statements="28" coveredstatements="18" conditionals="19" coveredconditionals="0" methods="2" coveredmethods="0"/>
        <line num="1" count="2" type="stmt"/>
        <line num="2" count="2" type="stmt"/>
        <line num="3" count="2" type="stmt"/>
        <line num="4" count="2" type="stmt"/>
        <line num="5" count="2" type="stmt"/>
        <line num="6" count="2" type="stmt"/>
        <line num="7" count="2" type="stmt"/>
        <line num="8" count="2" type="stmt"/>
        <line num="9" count="2" type="stmt"/>
        <line num="10" count="2" type="stmt"/>
        <line num="11" count="2" type="stmt"/>
        <line num="12" count="2" type="stmt"/>
        <line num="13" count="2" type="stmt"/>
        <line num="14" count="2" type="stmt"/>
        <line num="20" count="2" type="stmt"/>
        <line num="21" count="0" type="stmt"/>
        <line num="23" count="0" type="stmt"/>
        <line num="29" count="0" type="cond" truecount="0" falsecount="3"/>
        <line num="30" count="0" type="stmt"/>
        <line num="47" count="0" type="stmt"/>
        <line num="49" count="0" type="cond" truecount="0" falsecount="4"/>
        <line num="51" count="0" type="stmt"/>
        <line num="56" count="0" type="stmt"/>
        <line num="79" count="0" type="stmt"/>
        <line num="109" count="2" type="stmt"/>
        <line num="110" count="0" type="stmt"/>
        <line num="148" count="2" type="stmt"/>
        <line num="150" count="2" type="stmt"/>
      </file>
    </package>
    <package name="src.shared.components.Author">
      <metrics statements="10" coveredstatements="9" conditionals="0" coveredconditionals="0" methods="3" coveredmethods="2"/>
      <file name="Author.tsx" path="C:\Users\ryan\Desktop\Projects\RyanMaber\portfolio\services\frontend\src\shared\components\Author\Author.tsx">
        <metrics statements="9" coveredstatements="8" conditionals="0" coveredconditionals="0" methods="2" coveredmethods="1"/>
        <line num="1" count="3" type="stmt"/>
        <line num="2" count="3" type="stmt"/>
        <line num="3" count="3" type="stmt"/>
        <line num="4" count="3" type="stmt"/>
        <line num="16" count="3" type="stmt"/>
        <line num="17" count="1" type="stmt"/>
        <line num="22" count="3" type="stmt"/>
        <line num="23" count="0" type="stmt"/>
        <line num="29" count="3" type="stmt"/>
      </file>
      <file name="index.ts" path="C:\Users\ryan\Desktop\Projects\RyanMaber\portfolio\services\frontend\src\shared\components\Author\index.ts">
        <metrics statements="1" coveredstatements="1" conditionals="0" coveredconditionals="0" methods="1" coveredmethods="1"/>
        <line num="1" count="4" type="stmt"/>
      </file>
    </package>
    <package name="src.shared.components.Button">
      <metrics statements="9" coveredstatements="9" conditionals="8" coveredconditionals="7" methods="2" coveredmethods="2"/>
      <file name="Button.tsx" path="C:\Users\ryan\Desktop\Projects\RyanMaber\portfolio\services\frontend\src\shared\components\Button\Button.tsx">
        <metrics statements="8" coveredstatements="8" conditionals="8" coveredconditionals="7" methods="1" coveredmethods="1"/>
        <line num="1" count="7" type="stmt"/>
        <line num="2" count="7" type="stmt"/>
        <line num="3" count="7" type="stmt"/>
        <line num="13" count="7" type="stmt"/>
        <line num="18" count="19" type="stmt"/>
        <line num="19" count="19" type="stmt"/>
        <line num="20" count="19" type="stmt"/>
        <line num="40" count="7" type="stmt"/>
      </file>
      <file name="index.ts" path="C:\Users\ryan\Desktop\Projects\RyanMaber\portfolio\services\frontend\src\shared\components\Button\index.ts">
        <metrics statements="1" coveredstatements="1" conditionals="0" coveredconditionals="0" methods="1" coveredmethods="1"/>
        <line num="1" count="22" type="stmt"/>
      </file>
    </package>
    <package name="src.shared.components.Card">
      <metrics statements="9" coveredstatements="9" conditionals="5" coveredconditionals="4" methods="2" coveredmethods="2"/>
      <file name="Card.tsx" path="C:\Users\ryan\Desktop\Projects\RyanMaber\portfolio\services\frontend\src\shared\components\Card\Card.tsx">
        <metrics statements="8" coveredstatements="8" conditionals="5" coveredconditionals="4" methods="1" coveredmethods="1"/>
        <line num="1" count="15" type="stmt"/>
        <line num="2" count="15" type="stmt"/>
        <line num="3" count="15" type="stmt"/>
        <line num="14" count="15" type="stmt"/>
        <line num="20" count="38" type="cond" truecount="1" falsecount="0"/>
        <line num="21" count="38" type="stmt"/>
        <line num="22" count="38" type="stmt"/>
        <line num="42" count="15" type="stmt"/>
      </file>
      <file name="index.ts" path="C:\Users\ryan\Desktop\Projects\RyanMaber\portfolio\services\frontend\src\shared\components\Card\index.ts">
        <metrics statements="1" coveredstatements="1" conditionals="0" coveredconditionals="0" methods="1" coveredmethods="1"/>
        <line num="1" count="53" type="stmt"/>
      </file>
    </package>
    <package name="src.shared.components.ContactForm">
      <metrics statements="26" coveredstatements="24" conditionals="34" coveredconditionals="28" methods="5" coveredmethods="5"/>
      <file name="ContactForm.tsx" path="C:\Users\ryan\Desktop\Projects\RyanMaber\portfolio\services\frontend\src\shared\components\ContactForm\ContactForm.tsx">
        <metrics statements="26" coveredstatements="24" conditionals="34" coveredconditionals="28" methods="5" coveredmethods="5"/>
        <line num="1" count="1" type="stmt"/>
        <line num="2" count="1" type="stmt"/>
        <line num="3" count="1" type="stmt"/>
        <line num="4" count="1" type="stmt"/>
        <line num="6" count="1" type="stmt"/>
        <line num="7" count="1" type="stmt"/>
        <line num="8" count="1" type="stmt"/>
        <line num="15" count="1" type="stmt"/>
        <line num="20" count="5" type="stmt"/>
        <line num="22" count="5" type="stmt"/>
        <line num="23" count="5" type="stmt"/>
        <line num="25" count="2" type="cond" truecount="2" falsecount="2"/>
        <line num="27" count="0" type="stmt"/>
        <line num="29" count="1" type="stmt"/>
        <line num="31" count="1" type="stmt"/>
        <line num="33" count="0" type="stmt"/>
        <line num="42" count="5" type="stmt"/>
        <line num="43" count="1" type="stmt"/>
        <line num="44" count="1" type="stmt"/>
        <line num="51" count="1" type="cond" truecount="7" falsecount="2"/>
        <line num="52" count="1" type="stmt"/>
        <line num="56" count="5" type="cond" truecount="1" falsecount="0"/>
        <line num="57" count="1" type="stmt"/>
        <line num="60" count="4" type="stmt"/>
        <line num="80" count="1" type="stmt"/>
        <line num="91" count="1" type="stmt"/>
      </file>
    </package>
    <package name="src.shared.components.Figure">
      <metrics statements="6" coveredstatements="6" conditionals="2" coveredconditionals="2" methods="1" coveredmethods="1"/>
      <file name="Figure.tsx" path="C:\Users\ryan\Desktop\Projects\RyanMaber\portfolio\services\frontend\src\shared\components\Figure\Figure.tsx">
        <metrics statements="6" coveredstatements="6" conditionals="2" coveredconditionals="2" methods="1" coveredmethods="1"/>
        <line num="1" count="5" type="stmt"/>
        <line num="3" count="5" type="stmt"/>
        <line num="4" count="5" type="stmt"/>
        <line num="12" count="5" type="stmt"/>
        <line num="13" count="1" type="stmt"/>
        <line num="29" count="5" type="stmt"/>
      </file>
    </package>
    <package name="src.shared.components.Footer">
      <metrics statements="9" coveredstatements="9" conditionals="0" coveredconditionals="0" methods="2" coveredmethods="2"/>
      <file name="Footer.tsx" path="C:\Users\ryan\Desktop\Projects\RyanMaber\portfolio\services\frontend\src\shared\components\Footer\Footer.tsx">
        <metrics statements="8" coveredstatements="8" conditionals="0" coveredconditionals="0" methods="1" coveredmethods="1"/>
        <line num="1" count="1" type="stmt"/>
        <line num="2" count="1" type="stmt"/>
        <line num="3" count="1" type="stmt"/>
        <line num="4" count="1" type="stmt"/>
        <line num="6" count="1" type="stmt"/>
        <line num="7" count="1" type="stmt"/>
        <line num="9" count="1" type="stmt"/>
        <line num="22" count="1" type="stmt"/>
      </file>
      <file name="index.ts" path="C:\Users\ryan\Desktop\Projects\RyanMaber\portfolio\services\frontend\src\shared\components\Footer\index.ts">
        <metrics statements="1" coveredstatements="1" conditionals="0" coveredconditionals="0" methods="1" coveredmethods="1"/>
        <line num="1" count="2" type="stmt"/>
      </file>
    </package>
    <package name="src.shared.components.Header">
      <metrics statements="24" coveredstatements="23" conditionals="6" coveredconditionals="6" methods="7" coveredmethods="6"/>
      <file name="Header.tsx" path="C:\Users\ryan\Desktop\Projects\RyanMaber\portfolio\services\frontend\src\shared\components\Header\Header.tsx">
        <metrics statements="23" coveredstatements="23" conditionals="6" coveredconditionals="6" methods="6" coveredmethods="6"/>
        <line num="1" count="1" type="stmt"/>
        <line num="2" count="1" type="stmt"/>
        <line num="3" count="1" type="stmt"/>
        <line num="4" count="1" type="stmt"/>
        <line num="5" count="1" type="stmt"/>
        <line num="6" count="1" type="stmt"/>
        <line num="7" count="1" type="stmt"/>
        <line num="8" count="1" type="stmt"/>
        <line num="25" count="1" type="stmt"/>
        <line num="26" count="8" type="stmt"/>
        <line num="28" count="8" type="stmt"/>
        <line num="30" count="8" type="stmt"/>
        <line num="31" count="2" type="stmt"/>
        <line num="34" count="8" type="stmt"/>
        <line num="47" count="1" type="stmt"/>
        <line num="48" count="4" type="stmt"/>
        <line num="51" count="2" type="stmt"/>
        <line num="58" count="1" type="stmt"/>
        <line num="59" count="6" type="stmt"/>
        <line num="61" count="6" type="stmt"/>
        <line num="74" count="1" type="stmt"/>
        <line num="75" count="1" type="stmt"/>
        <line num="77" count="1" type="stmt"/>
      </file>
      <file name="index.ts" path="C:\Users\ryan\Desktop\Projects\RyanMaber\portfolio\services\frontend\src\shared\components\Header\index.ts">
        <metrics statements="1" coveredstatements="0" conditionals="0" coveredconditionals="0" methods="1" coveredmethods="0"/>
        <line num="1" count="0" type="stmt"/>
      </file>
    </package>
    <package name="src.shared.components.Input">
      <metrics statements="8" coveredstatements="8" conditionals="1" coveredconditionals="0" methods="2" coveredmethods="2"/>
      <file name="Input.tsx" path="C:\Users\ryan\Desktop\Projects\RyanMaber\portfolio\services\frontend\src\shared\components\Input\Input.tsx">
        <metrics statements="7" coveredstatements="7" conditionals="1" coveredconditionals="0" methods="1" coveredmethods="1"/>
        <line num="1" count="3" type="stmt"/>
        <line num="2" count="3" type="stmt"/>
        <line num="3" count="3" type="stmt"/>
        <line num="4" count="3" type="stmt"/>
        <line num="10" count="3" type="stmt"/>
        <line num="11" count="8" type="cond" truecount="0" falsecount="1"/>
        <line num="18" count="3" type="stmt"/>
      </file>
      <file name="index.ts" path="C:\Users\ryan\Desktop\Projects\RyanMaber\portfolio\services\frontend\src\shared\components\Input\index.ts">
        <metrics statements="1" coveredstatements="1" conditionals="0" coveredconditionals="0" methods="1" coveredmethods="1"/>
        <line num="1" count="11" type="stmt"/>
      </file>
    </package>
    <package name="src.shared.components.Label">
      <metrics statements="8" coveredstatements="8" conditionals="0" coveredconditionals="0" methods="2" coveredmethods="2"/>
      <file name="Label.tsx" path="C:\Users\ryan\Desktop\Projects\RyanMaber\portfolio\services\frontend\src\shared\components\Label\Label.tsx">
        <metrics statements="7" coveredstatements="7" conditionals="0" coveredconditionals="0" methods="1" coveredmethods="1"/>
        <line num="1" count="6" type="stmt"/>
        <line num="2" count="6" type="stmt"/>
        <line num="3" count="6" type="stmt"/>
        <line num="9" count="6" type="stmt"/>
        <line num="11" count="3" type="stmt"/>
        <line num="12" count="3" type="stmt"/>
        <line num="13" count="3" type="stmt"/>
      </file>
      <file name="index.ts" path="C:\Users\ryan\Desktop\Projects\RyanMaber\portfolio\services\frontend\src\shared\components\Label\index.ts">
        <metrics statements="1" coveredstatements="1" conditionals="0" coveredconditionals="0" methods="1" coveredmethods="1"/>
        <line num="1" count="9" type="stmt"/>
      </file>
    </package>
    <package name="src.shared.components.Loader">
      <metrics statements="5" coveredstatements="5" conditionals="0" coveredconditionals="0" methods="2" coveredmethods="2"/>
      <file name="Loader.tsx" path="C:\Users\ryan\Desktop\Projects\RyanMaber\portfolio\services\frontend\src\shared\components\Loader\Loader.tsx">
        <metrics statements="4" coveredstatements="4" conditionals="0" coveredconditionals="0" methods="1" coveredmethods="1"/>
        <line num="1" count="1" type="stmt"/>
        <line num="3" count="1" type="stmt"/>
        <line num="5" count="1" type="stmt"/>
        <line num="6" count="2" type="stmt"/>
      </file>
      <file name="index.ts" path="C:\Users\ryan\Desktop\Projects\RyanMaber\portfolio\services\frontend\src\shared\components\Loader\index.ts">
        <metrics statements="1" coveredstatements="1" conditionals="0" coveredconditionals="0" methods="1" coveredmethods="1"/>
        <line num="1" count="3" type="stmt"/>
      </file>
    </package>
    <package name="src.shared.components.PostCard">
      <metrics statements="26" coveredstatements="26" conditionals="11" coveredconditionals="8" methods="5" coveredmethods="5"/>
      <file name="PostCard.tsx" path="C:\Users\ryan\Desktop\Projects\RyanMaber\portfolio\services\frontend\src\shared\components\PostCard\PostCard.tsx">
        <metrics statements="15" coveredstatements="15" conditionals="6" coveredconditionals="5" methods="2" coveredmethods="2"/>
        <line num="1" count="3" type="stmt"/>
        <line num="2" count="3" type="stmt"/>
        <line num="3" count="3" type="stmt"/>
        <line num="5" count="3" type="stmt"/>
        <line num="6" count="3" type="stmt"/>
        <line num="7" count="3" type="stmt"/>
        <line num="8" count="3" type="stmt"/>
        <line num="22" count="3" type="stmt"/>
        <line num="27" count="8" type="stmt"/>
        <line num="28" count="8" type="stmt"/>
        <line num="29" count="8" type="stmt"/>
        <line num="58" count="3" type="stmt"/>
        <line num="59" count="6" type="stmt"/>
        <line num="64" count="3" type="stmt"/>
        <line num="66" count="3" type="stmt"/>
      </file>
      <file name="PostCardContainer.tsx" path="C:\Users\ryan\Desktop\Projects\RyanMaber\portfolio\services\frontend\src\shared\components\PostCard\PostCardContainer.tsx">
        <metrics statements="11" coveredstatements="11" conditionals="5" coveredconditionals="3" methods="3" coveredmethods="3"/>
        <line num="1" count="3" type="stmt"/>
        <line num="2" count="3" type="stmt"/>
        <line num="4" count="3" type="stmt"/>
        <line num="5" count="3" type="stmt"/>
        <line num="15" count="3" type="stmt"/>
        <line num="19" count="5" type="stmt"/>
        <line num="31" count="3" type="stmt"/>
        <line num="35" count="2" type="stmt"/>
        <line num="46" count="6" type="stmt"/>
        <line num="52" count="3" type="stmt"/>
        <line num="54" count="3" type="stmt"/>
      </file>
    </package>
    <package name="src.shared.components.ProgressBar">
      <metrics statements="19" coveredstatements="17" conditionals="2" coveredconditionals="2" methods="6" coveredmethods="5"/>
      <file name="ProgressBar.tsx" path="C:\Users\ryan\Desktop\Projects\RyanMaber\portfolio\services\frontend\src\shared\components\ProgressBar\ProgressBar.tsx">
        <metrics statements="18" coveredstatements="16" conditionals="2" coveredconditionals="2" methods="5" coveredmethods="4"/>
        <line num="1" count="1" type="stmt"/>
        <line num="3" count="1" type="stmt"/>
        <line num="9" count="1" type="cond" truecount="1" falsecount="0"/>
        <line num="10" count="1" type="stmt"/>
        <line num="11" count="1" type="stmt"/>
        <line num="13" count="1" type="stmt"/>
        <line num="14" count="1" type="cond" truecount="1" falsecount="0"/>
        <line num="15" count="1" type="stmt"/>
        <line num="17" count="1" type="stmt"/>
        <line num="18" count="0" type="stmt"/>
        <line num="19" count="0" type="stmt"/>
        <line num="22" count="1" type="stmt"/>
        <line num="25" count="1" type="stmt"/>
        <line num="26" count="1" type="stmt"/>
        <line num="27" count="1" type="stmt"/>
        <line num="28" count="1" type="stmt"/>
        <line num="31" count="1" type="stmt"/>
        <line num="43" count="1" type="stmt"/>
      </file>
      <file name="index.ts" path="C:\Users\ryan\Desktop\Projects\RyanMaber\portfolio\services\frontend\src\shared\components\ProgressBar\index.ts">
        <metrics statements="1" coveredstatements="1" conditionals="0" coveredconditionals="0" methods="1" coveredmethods="1"/>
        <line num="1" count="2" type="stmt"/>
      </file>
    </package>
    <package name="src.shared.components.RecentArticlesContainer">
      <metrics statements="14" coveredstatements="14" conditionals="20" coveredconditionals="16" methods="2" coveredmethods="2"/>
      <file name="RecentArticlesContainer.tsx" path="C:\Users\ryan\Desktop\Projects\RyanMaber\portfolio\services\frontend\src\shared\components\RecentArticlesContainer\RecentArticlesContainer.tsx">
        <metrics statements="14" coveredstatements="14" conditionals="20" coveredconditionals="16" methods="2" coveredmethods="2"/>
        <line num="1" count="1" type="stmt"/>
        <line num="3" count="1" type="stmt"/>
        <line num="4" count="1" type="stmt"/>
        <line num="5" count="1" type="stmt"/>
        <line num="6" count="1" type="stmt"/>
        <line num="8" count="1" type="stmt"/>
        <line num="9" count="4" type="stmt"/>
        <line num="15" count="4" type="cond" truecount="1" falsecount="0"/>
        <line num="16" count="2" type="stmt"/>
        <line num="19" count="2" type="cond" truecount="9" falsecount="2"/>
        <line num="20" count="1" type="stmt"/>
        <line num="23" count="1" type="stmt"/>
        <line num="34" count="2" type="stmt"/>
        <line num="48" count="1" type="stmt"/>
      </file>
    </package>
    <package name="src.shared.components.ScrollReset">
      <metrics statements="9" coveredstatements="0" conditionals="0" coveredconditionals="0" methods="3" coveredmethods="0"/>
      <file name="ScrollReset.ts" path="C:\Users\ryan\Desktop\Projects\RyanMaber\portfolio\services\frontend\src\shared\components\ScrollReset\ScrollReset.ts">
        <metrics statements="8" coveredstatements="0" conditionals="0" coveredconditionals="0" methods="2" coveredmethods="0"/>
        <line num="1" count="0" type="stmt"/>
        <line num="2" count="0" type="stmt"/>
        <line num="4" count="0" type="stmt"/>
        <line num="5" count="0" type="stmt"/>
        <line num="7" count="0" type="stmt"/>
        <line num="8" count="0" type="stmt"/>
        <line num="15" count="0" type="stmt"/>
        <line num="18" count="0" type="stmt"/>
      </file>
      <file name="index.ts" path="C:\Users\ryan\Desktop\Projects\RyanMaber\portfolio\services\frontend\src\shared\components\ScrollReset\index.ts">
        <metrics statements="1" coveredstatements="0" conditionals="0" coveredconditionals="0" methods="1" coveredmethods="0"/>
        <line num="1" count="0" type="stmt"/>
      </file>
    </package>
    <package name="src.shared.components.Section">
      <metrics statements="27" coveredstatements="27" conditionals="8" coveredconditionals="8" methods="4" coveredmethods="4"/>
      <file name="Container.tsx" path="C:\Users\ryan\Desktop\Projects\RyanMaber\portfolio\services\frontend\src\shared\components\Section\Container.tsx">
        <metrics statements="7" coveredstatements="7" conditionals="4" coveredconditionals="4" methods="1" coveredmethods="1"/>
        <line num="1" count="12" type="stmt"/>
        <line num="2" count="12" type="stmt"/>
        <line num="3" count="12" type="stmt"/>
        <line num="12" count="12" type="stmt"/>
        <line num="17" count="10" type="cond" truecount="1" falsecount="0"/>
        <line num="18" count="10" type="stmt"/>
        <line num="20" count="10" type="stmt"/>
      </file>
      <file name="Heading.tsx" path="C:\Users\ryan\Desktop\Projects\RyanMaber\portfolio\services\frontend\src\shared\components\Section\Heading.tsx">
        <metrics statements="7" coveredstatements="7" conditionals="2" coveredconditionals="2" methods="1" coveredmethods="1"/>
        <line num="1" count="12" type="stmt"/>
        <line num="2" count="12" type="stmt"/>
        <line num="3" count="12" type="stmt"/>
        <line num="13" count="12" type="stmt"/>
        <line num="17" count="26" type="stmt"/>
        <line num="18" count="26" type="stmt"/>
        <line num="20" count="26" type="stmt"/>
      </file>
      <file name="Section.tsx" path="C:\Users\ryan\Desktop\Projects\RyanMaber\portfolio\services\frontend\src\shared\components\Section\Section.tsx">
        <metrics statements="12" coveredstatements="12" conditionals="2" coveredconditionals="2" methods="1" coveredmethods="1"/>
        <line num="1" count="12" type="stmt"/>
        <line num="2" count="12" type="stmt"/>
        <line num="3" count="12" type="stmt"/>
        <line num="4" count="12" type="stmt"/>
        <line num="5" count="12" type="stmt"/>
        <line num="17" count="12" type="stmt"/>
        <line num="20" count="5" type="stmt"/>
        <line num="21" count="5" type="stmt"/>
        <line num="22" count="5" type="stmt"/>
        <line num="36" count="12" type="stmt"/>
        <line num="37" count="12" type="stmt"/>
        <line num="39" count="12" type="stmt"/>
      </file>
      <file name="index.ts" path="C:\Users\ryan\Desktop\Projects\RyanMaber\portfolio\services\frontend\src\shared\components\Section\index.ts">
        <metrics statements="1" coveredstatements="1" conditionals="0" coveredconditionals="0" methods="1" coveredmethods="1"/>
        <line num="1" count="53" type="stmt"/>
      </file>
    </package>
    <package name="src.shared.components.SkillsDescriptor">
      <metrics statements="27" coveredstatements="24" conditionals="13" coveredconditionals="11" methods="11" coveredmethods="10"/>
      <file name="SkillsDescriptor.tsx" path="C:\Users\ryan\Desktop\Projects\RyanMaber\portfolio\services\frontend\src\shared\components\SkillsDescriptor\SkillsDescriptor.tsx">
        <metrics statements="26" coveredstatements="23" conditionals="13" coveredconditionals="11" methods="10" coveredmethods="9"/>
        <line num="1" count="1" type="stmt"/>
        <line num="2" count="1" type="stmt"/>
        <line num="4" count="1" type="stmt"/>
        <line num="5" count="1" type="stmt"/>
        <line num="21" count="1" type="stmt"/>
        <line num="22" count="5" type="cond" truecount="1" falsecount="0"/>
        <line num="23" count="5" type="stmt"/>
        <line num="25" count="5" type="stmt"/>
        <line num="26" count="6" type="cond" truecount="2" falsecount="1"/>
        <line num="30" count="5" type="stmt"/>
        <line num="31" count="5" type="stmt"/>
        <line num="33" count="5" type="stmt"/>
        <line num="34" count="1" type="stmt"/>
        <line num="35" count="1" type="cond" truecount="1" falsecount="1"/>
        <line num="40" count="5" type="stmt"/>
        <line num="41" count="4" type="cond" truecount="1" falsecount="0"/>
        <line num="42" count="1" type="stmt"/>
        <line num="43" count="1" type="stmt"/>
        <line num="48" count="4" type="cond" truecount="2" falsecount="0"/>
        <line num="51" count="5" type="stmt"/>
        <line num="59" count="10" type="stmt"/>
        <line num="68" count="0" type="stmt"/>
        <line num="69" count="0" type="stmt"/>
        <line num="70" count="0" type="stmt"/>
        <line num="86" count="1" type="stmt"/>
        <line num="88" count="1" type="stmt"/>
      </file>
      <file name="index.ts" path="C:\Users\ryan\Desktop\Projects\RyanMaber\portfolio\services\frontend\src\shared\components\SkillsDescriptor\index.ts">
        <metrics statements="1" coveredstatements="1" conditionals="0" coveredconditionals="0" methods="1" coveredmethods="1"/>
        <line num="1" count="5" type="stmt"/>
      </file>
    </package>
    <package name="src.shared.components.SocialIcons">
      <metrics statements="9" coveredstatements="9" conditionals="0" coveredconditionals="0" methods="2" coveredmethods="2"/>
      <file name="ShareIcons.tsx" path="C:\Users\ryan\Desktop\Projects\RyanMaber\portfolio\services\frontend\src\shared\components\SocialIcons\ShareIcons.tsx">
        <metrics statements="7" coveredstatements="7" conditionals="0" coveredconditionals="0" methods="1" coveredmethods="1"/>
        <line num="1" count="3" type="stmt"/>
        <line num="2" count="3" type="stmt"/>
        <line num="4" count="3" type="stmt"/>
        <line num="5" count="3" type="stmt"/>
        <line num="6" count="3" type="stmt"/>
        <line num="8" count="3" type="stmt"/>
        <line num="9" count="1" type="stmt"/>
      </file>
      <file name="index.ts" path="C:\Users\ryan\Desktop\Projects\RyanMaber\portfolio\services\frontend\src\shared\components\SocialIcons\index.ts">
        <metrics statements="2" coveredstatements="2" conditionals="0" coveredconditionals="0" methods="1" coveredmethods="1"/>
        <line num="1" count="3" type="stmt"/>
        <line num="3" count="4" type="stmt"/>
      </file>
    </package>
    <package name="src.shared.components.StatTile">
      <metrics statements="15" coveredstatements="15" conditionals="5" coveredconditionals="5" methods="3" coveredmethods="3"/>
      <file name="StatTile.tsx" path="C:\Users\ryan\Desktop\Projects\RyanMaber\portfolio\services\frontend\src\shared\components\StatTile\StatTile.tsx">
        <metrics statements="14" coveredstatements="14" conditionals="5" coveredconditionals="5" methods="2" coveredmethods="2"/>
        <line num="1" count="4" type="stmt"/>
        <line num="2" count="4" type="stmt"/>
        <line num="3" count="4" type="stmt"/>
        <line num="4" count="4" type="stmt"/>
        <line num="5" count="4" type="stmt"/>
        <line num="6" count="4" type="stmt"/>
        <line num="7" count="4" type="stmt"/>
        <line num="22" count="4" type="stmt"/>
        <line num="26" count="6" type="cond" truecount="1" falsecount="0"/>
        <line num="27" count="6" type="stmt"/>
        <line num="28" count="6" type="stmt"/>
        <line num="46" count="4" type="stmt"/>
        <line num="47" count="4" type="stmt"/>
        <line num="62" count="4" type="stmt"/>
      </file>
      <file name="index.ts" path="C:\Users\ryan\Desktop\Projects\RyanMaber\portfolio\services\frontend\src\shared\components\StatTile\index.ts">
        <metrics statements="1" coveredstatements="1" conditionals="0" coveredconditionals="0" methods="1" coveredmethods="1"/>
        <line num="1" count="14" type="stmt"/>
      </file>
    </package>
    <package name="src.shared.components.StoryblokContent">
      <metrics statements="4" coveredstatements="4" conditionals="0" coveredconditionals="0" methods="2" coveredmethods="2"/>
      <file name="StoryblokContent.tsx" path="C:\Users\ryan\Desktop\Projects\RyanMaber\portfolio\services\frontend\src\shared\components\StoryblokContent\StoryblokContent.tsx">
        <metrics statements="3" coveredstatements="3" conditionals="0" coveredconditionals="0" methods="1" coveredmethods="1"/>
        <line num="2" count="3" type="stmt"/>
        <line num="8" count="3" type="stmt"/>
        <line num="10" count="3" type="stmt"/>
      </file>
      <file name="index.tsx" path="C:\Users\ryan\Desktop\Projects\RyanMaber\portfolio\services\frontend\src\shared\components\StoryblokContent\index.tsx">
        <metrics statements="1" coveredstatements="1" conditionals="0" coveredconditionals="0" methods="1" coveredmethods="1"/>
        <line num="1" count="6" type="stmt"/>
      </file>
    </package>
    <package name="src.shared.components.Template">
      <metrics statements="32" coveredstatements="26" conditionals="26" coveredconditionals="22" methods="10" coveredmethods="4"/>
      <file name="DefaultTemplate.tsx" path="C:\Users\ryan\Desktop\Projects\RyanMaber\portfolio\services\frontend\src\shared\components\Template\DefaultTemplate.tsx">
        <metrics statements="6" coveredstatements="6" conditionals="0" coveredconditionals="0" methods="1" coveredmethods="1"/>
        <line num="1" count="3" type="stmt"/>
        <line num="2" count="3" type="stmt"/>
        <line num="5" count="3" type="stmt"/>
        <line num="11" count="3" type="stmt"/>
        <line num="12" count="3" type="stmt"/>
        <line num="13" count="3" type="stmt"/>
      </file>
      <file name="DynamicTemplate.tsx" path="C:\Users\ryan\Desktop\Projects\RyanMaber\portfolio\services\frontend\src\shared\components\Template\DynamicTemplate.tsx">
        <metrics statements="9" coveredstatements="4" conditionals="0" coveredconditionals="0" methods="3" coveredmethods="0"/>
        <line num="1" count="3" type="stmt"/>
        <line num="2" count="3" type="stmt"/>
        <line num="9" count="3" type="stmt"/>
        <line num="10" count="0" type="stmt"/>
        <line num="11" count="0" type="stmt"/>
        <line num="14" count="3" type="stmt"/>
        <line num="15" count="0" type="stmt"/>
        <line num="16" count="0" type="stmt"/>
        <line num="17" count="0" type="stmt"/>
      </file>
      <file name="MetaTags.tsx" path="C:\Users\ryan\Desktop\Projects\RyanMaber\portfolio\services\frontend\src\shared\components\Template\MetaTags.tsx">
        <metrics statements="7" coveredstatements="7" conditionals="24" coveredconditionals="22" methods="2" coveredmethods="2"/>
        <line num="1" count="3" type="stmt"/>
        <line num="2" count="3" type="stmt"/>
        <line num="3" count="3" type="stmt"/>
        <line num="13" count="3" type="stmt"/>
        <line num="15" count="3" type="cond" truecount="2" falsecount="0"/>
        <line num="17" count="3" type="stmt"/>
        <line num="20" count="3" type="stmt"/>
      </file>
      <file name="RightSidebarTemplate.tsx" path="C:\Users\ryan\Desktop\Projects\RyanMaber\portfolio\services\frontend\src\shared\components\Template\RightSidebarTemplate.tsx">
        <metrics statements="6" coveredstatements="5" conditionals="2" coveredconditionals="0" methods="1" coveredmethods="0"/>
        <line num="1" count="3" type="stmt"/>
        <line num="2" count="3" type="stmt"/>
        <line num="3" count="3" type="stmt"/>
        <line num="5" count="3" type="stmt"/>
        <line num="13" count="3" type="stmt"/>
        <line num="23" count="0" type="stmt"/>
      </file>
      <file name="index.ts" path="C:\Users\ryan\Desktop\Projects\RyanMaber\portfolio\services\frontend\src\shared\components\Template\index.ts">
        <metrics statements="4" coveredstatements="4" conditionals="0" coveredconditionals="0" methods="3" coveredmethods="1"/>
        <line num="1" count="3" type="stmt"/>
        <line num="2" count="3" type="stmt"/>
        <line num="3" count="3" type="stmt"/>
        <line num="15" count="6" type="stmt"/>
      </file>
    </package>
    <package name="src.shared.components.Textarea">
      <metrics statements="10" coveredstatements="10" conditionals="0" coveredconditionals="0" methods="2" coveredmethods="2"/>
      <file name="Textarea.tsx" path="C:\Users\ryan\Desktop\Projects\RyanMaber\portfolio\services\frontend\src\shared\components\Textarea\Textarea.tsx">
        <metrics statements="9" coveredstatements="9" conditionals="0" coveredconditionals="0" methods="1" coveredmethods="1"/>
        <line num="1" count="2" type="stmt"/>
        <line num="2" count="2" type="stmt"/>
        <line num="3" count="2" type="stmt"/>
        <line num="4" count="2" type="stmt"/>
        <line num="6" count="2" type="stmt"/>
        <line num="13" count="6" type="stmt"/>
        <line num="14" count="6" type="stmt"/>
        <line num="17" count="6" type="stmt"/>
        <line num="24" count="2" type="stmt"/>
      </file>
      <file name="index.ts" path="C:\Users\ryan\Desktop\Projects\RyanMaber\portfolio\services\frontend\src\shared\components\Textarea\index.ts">
        <metrics statements="1" coveredstatements="1" conditionals="0" coveredconditionals="0" methods="1" coveredmethods="1"/>
        <line num="1" count="8" type="stmt"/>
      </file>
    </package>
    <package name="src.shared.components.Timeline">
      <metrics statements="22" coveredstatements="22" conditionals="39" coveredconditionals="14" methods="4" coveredmethods="4"/>
      <file name="Marker.tsx" path="C:\Users\ryan\Desktop\Projects\RyanMaber\portfolio\services\frontend\src\shared\components\Timeline\Marker.tsx">
        <metrics statements="13" coveredstatements="13" conditionals="39" coveredconditionals="14" methods="2" coveredmethods="2"/>
        <line num="1" count="2" type="stmt"/>
        <line num="2" count="2" type="stmt"/>
        <line num="3" count="2" type="stmt"/>
        <line num="4" count="2" type="stmt"/>
        <line num="5" count="2" type="stmt"/>
        <line num="6" count="2" type="stmt"/>
        <line num="7" count="2" type="stmt"/>
        <line num="16" count="2" type="stmt"/>
        <line num="21" count="8" type="cond" truecount="0" falsecount="1"/>
        <line num="22" count="8" type="stmt"/>
        <line num="24" count="8" type="stmt"/>
        <line num="26" count="8" type="stmt"/>
        <line num="89" count="2" type="stmt"/>
      </file>
      <file name="Timeline.tsx" path="C:\Users\ryan\Desktop\Projects\RyanMaber\portfolio\services\frontend\src\shared\components\Timeline\Timeline.tsx">
        <metrics statements="8" coveredstatements="8" conditionals="0" coveredconditionals="0" methods="1" coveredmethods="1"/>
        <line num="1" count="2" type="stmt"/>
        <line num="2" count="2" type="stmt"/>
        <line num="3" count="2" type="stmt"/>
        <line num="4" count="2" type="stmt"/>
        <line num="14" count="2" type="stmt"/>
        <line num="15" count="4" type="stmt"/>
        <line num="18" count="2" type="stmt"/>
        <line num="20" count="2" type="stmt"/>
      </file>
      <file name="index.ts" path="C:\Users\ryan\Desktop\Projects\RyanMaber\portfolio\services\frontend\src\shared\components\Timeline\index.ts">
        <metrics statements="1" coveredstatements="1" conditionals="0" coveredconditionals="0" methods="1" coveredmethods="1"/>
        <line num="1" count="12" type="stmt"/>
      </file>
    </package>
    <package name="src.shared.components.Tooltip">
      <metrics statements="7" coveredstatements="7" conditionals="1" coveredconditionals="1" methods="2" coveredmethods="2"/>
      <file name="Tooltip.tsx" path="C:\Users\ryan\Desktop\Projects\RyanMaber\portfolio\services\frontend\src\shared\components\Tooltip\Tooltip.tsx">
        <metrics statements="6" coveredstatements="6" conditionals="1" coveredconditionals="1" methods="1" coveredmethods="1"/>
        <line num="1" count="5" type="stmt"/>
        <line num="2" count="5" type="stmt"/>
        <line num="3" count="5" type="stmt"/>
        <line num="4" count="5" type="stmt"/>
        <line num="11" count="5" type="cond" truecount="1" falsecount="0"/>
        <line num="12" count="10" type="stmt"/>
      </file>
      <file name="index.ts" path="C:\Users\ryan\Desktop\Projects\RyanMaber\portfolio\services\frontend\src\shared\components\Tooltip\index.ts">
        <metrics statements="1" coveredstatements="1" conditionals="0" coveredconditionals="0" methods="1" coveredmethods="1"/>
        <line num="1" count="15" type="stmt"/>
      </file>
    </package>
    <package name="src.shared.components.ValidationError">
      <metrics statements="5" coveredstatements="5" conditionals="3" coveredconditionals="3" methods="2" coveredmethods="2"/>
      <file name="ValidationError.tsx" path="C:\Users\ryan\Desktop\Projects\RyanMaber\portfolio\services\frontend\src\shared\components\ValidationError\ValidationError.tsx">
        <metrics statements="4" coveredstatements="4" conditionals="3" coveredconditionals="3" methods="1" coveredmethods="1"/>
        <line num="1" count="4" type="stmt"/>
        <line num="2" count="4" type="stmt"/>
        <line num="8" count="4" type="cond" truecount="1" falsecount="0"/>
        <line num="9" count="15" type="stmt"/>
      </file>
      <file name="index.ts" path="C:\Users\ryan\Desktop\Projects\RyanMaber\portfolio\services\frontend\src\shared\components\ValidationError\index.ts">
        <metrics statements="1" coveredstatements="1" conditionals="0" coveredconditionals="0" methods="1" coveredmethods="1"/>
        <line num="1" count="19" type="stmt"/>
      </file>
    </package>
    <package name="src.shared.hooks">
      <metrics statements="19" coveredstatements="16" conditionals="5" coveredconditionals="3" methods="5" coveredmethods="5"/>
      <file name="useMediaQuery.ts" path="C:\Users\ryan\Desktop\Projects\RyanMaber\portfolio\services\frontend\src\shared\hooks\useMediaQuery.ts">
        <metrics statements="19" coveredstatements="16" conditionals="5" coveredconditionals="3" methods="5" coveredmethods="5"/>
        <line num="1" count="1" type="stmt"/>
        <line num="4" count="8" type="stmt"/>
        <line num="6" count="12" type="cond" truecount="1" falsecount="0"/>
        <line num="7" count="12" type="stmt"/>
        <line num="9" count="0" type="stmt"/>
        <line num="12" count="8" type="stmt"/>
        <line num="15" count="4" type="stmt"/>
        <line num="18" count="8" type="stmt"/>
        <line num="19" count="4" type="stmt"/>
        <line num="22" count="4" type="stmt"/>
        <line num="25" count="4" type="cond" truecount="1" falsecount="1"/>
        <line num="26" count="0" type="stmt"/>
        <line num="28" count="4" type="stmt"/>
        <line num="31" count="4" type="stmt"/>
        <line num="32" count="4" type="cond" truecount="1" falsecount="1"/>
        <line num="33" count="0" type="stmt"/>
        <line num="35" count="4" type="stmt"/>
        <line num="40" count="8" type="stmt"/>
        <line num="43" count="1" type="stmt"/>
      </file>
    </package>
    <package name="src.shared.utilities.fomatNaturalLanguageDate">
      <metrics statements="27" coveredstatements="27" conditionals="15" coveredconditionals="15" methods="1" coveredmethods="1"/>
      <file name="formatNaturalLanguageDate.ts" path="C:\Users\ryan\Desktop\Projects\RyanMaber\portfolio\services\frontend\src\shared\utilities\fomatNaturalLanguageDate\formatNaturalLanguageDate.ts">
        <metrics statements="25" coveredstatements="25" conditionals="15" coveredconditionals="15" methods="1" coveredmethods="1"/>
        <line num="1" count="2" type="stmt"/>
        <line num="2" count="2" type="stmt"/>
        <line num="3" count="2" type="stmt"/>
        <line num="4" count="2" type="stmt"/>
        <line num="5" count="2" type="stmt"/>
        <line num="6" count="2" type="stmt"/>
        <line num="8" count="2" type="stmt"/>
        <line num="9" count="16" type="stmt"/>
        <line num="11" count="16" type="cond" truecount="1" falsecount="0"/>
        <line num="12" count="4" type="cond" truecount="2" falsecount="0"/>
        <line num="16" count="12" type="stmt"/>
        <line num="18" count="12" type="cond" truecount="2" falsecount="0"/>
        <line num="19" count="2" type="stmt"/>
        <line num="20" count="10" type="cond" truecount="2" falsecount="0"/>
        <line num="21" count="2" type="stmt"/>
        <line num="22" count="8" type="cond" truecount="2" falsecount="0"/>
        <line num="23" count="2" type="stmt"/>
        <line num="24" count="6" type="cond" truecount="2" falsecount="0"/>
        <line num="25" count="2" type="stmt"/>
        <line num="26" count="4" type="cond" truecount="2" falsecount="0"/>
        <line num="27" count="2" type="stmt"/>
        <line num="29" count="2" type="stmt"/>
        <line num="32" count="12" type="stmt"/>
        <line num="33" count="12" type="cond" truecount="2" falsecount="0"/>
        <line num="36" count="2" type="stmt"/>
      </file>
      <file name="index.ts" path="C:\Users\ryan\Desktop\Projects\RyanMaber\portfolio\services\frontend\src\shared\utilities\fomatNaturalLanguageDate\index.ts">
        <metrics statements="2" coveredstatements="2" conditionals="0" coveredconditionals="0" methods="0" coveredmethods="0"/>
        <line num="1" count="2" type="stmt"/>
        <line num="3" count="2" type="stmt"/>
      </file>
    </package>
    <package name="src.shared.utilities.getGlobalNavigation">
      <metrics statements="18" coveredstatements="18" conditionals="5" coveredconditionals="3" methods="6" coveredmethods="6"/>
      <file name="getGlobalNavigation.tsx" path="C:\Users\ryan\Desktop\Projects\RyanMaber\portfolio\services\frontend\src\shared\utilities\getGlobalNavigation\getGlobalNavigation.tsx">
        <metrics statements="16" coveredstatements="16" conditionals="5" coveredconditionals="3" methods="6" coveredmethods="6"/>
        <line num="1" count="2" type="stmt"/>
        <line num="2" count="2" type="stmt"/>
        <line num="3" count="2" type="stmt"/>
        <line num="4" count="2" type="stmt"/>
        <line num="5" count="2" type="stmt"/>
        <line num="7" count="2" type="stmt"/>
        <line num="8" count="7" type="stmt"/>
        <line num="10" count="7" type="stmt"/>
        <line num="14" count="28" type="stmt"/>
        <line num="29" count="28" type="cond" truecount="1" falsecount="0"/>
        <line num="30" count="14" type="stmt"/>
        <line num="33" count="14" type="stmt"/>
        <line num="44" count="7" type="stmt"/>
        <line num="49" count="28" type="stmt"/>
        <line num="50" count="14" type="stmt"/>
        <line num="64" count="2" type="stmt"/>
      </file>
      <file name="index.tsx" path="C:\Users\ryan\Desktop\Projects\RyanMaber\portfolio\services\frontend\src\shared\utilities\getGlobalNavigation\index.tsx">
        <metrics statements="2" coveredstatements="2" conditionals="0" coveredconditionals="0" methods="0" coveredmethods="0"/>
        <line num="1" count="2" type="stmt"/>
        <line num="3" count="2" type="stmt"/>
      </file>
    </package>
    <package name="src.shared.utilities.identity">
      <metrics statements="14" coveredstatements="14" conditionals="1" coveredconditionals="1" methods="4" coveredmethods="4"/>
      <file name="generateIdentity.ts" path="C:\Users\ryan\Desktop\Projects\RyanMaber\portfolio\services\frontend\src\shared\utilities\identity\generateIdentity.ts">
        <metrics statements="8" coveredstatements="8" conditionals="1" coveredconditionals="1" methods="1" coveredmethods="1"/>
        <line num="1" count="2" type="stmt"/>
        <line num="2" count="2" type="stmt"/>
        <line num="3" count="2" type="stmt"/>
        <line num="5" count="2" type="stmt"/>
        <line num="6" count="2" type="stmt"/>
        <line num="7" count="2" type="cond" truecount="1" falsecount="0"/>
        <line num="8" count="1" type="stmt"/>
        <line num="11" count="1" type="stmt"/>
      </file>
      <file name="getIdentity.ts" path="C:\Users\ryan\Desktop\Projects\RyanMaber\portfolio\services\frontend\src\shared\utilities\identity\getIdentity.ts">
        <metrics statements="3" coveredstatements="3" conditionals="0" coveredconditionals="0" methods="1" coveredmethods="1"/>
        <line num="1" count="1" type="stmt"/>
        <line num="3" count="1" type="stmt"/>
        <line num="4" count="1" type="stmt"/>
      </file>
      <file name="index.ts" path="C:\Users\ryan\Desktop\Projects\RyanMaber\portfolio\services\frontend\src\shared\utilities\identity\index.ts">
        <metrics statements="3" coveredstatements="3" conditionals="0" coveredconditionals="0" methods="2" coveredmethods="2"/>
        <line num="1" count="2" type="stmt"/>
        <line num="2" count="2" type="stmt"/>
        <line num="4" count="4" type="stmt"/>
      </file>
    </package>
    <package name="src.shared.utilities.renderStoryblokContent">
      <metrics statements="29" coveredstatements="24" conditionals="7" coveredconditionals="6" methods="4" coveredmethods="4"/>
      <file name="index.tsx" path="C:\Users\ryan\Desktop\Projects\RyanMaber\portfolio\services\frontend\src\shared\utilities\renderStoryblokContent\index.tsx">
        <metrics statements="2" coveredstatements="2" conditionals="0" coveredconditionals="0" methods="0" coveredmethods="0"/>
        <line num="3" count="4" type="stmt"/>
        <line num="20" count="4" type="stmt"/>
      </file>
      <file name="renderStoryblokContent.tsx" path="C:\Users\ryan\Desktop\Projects\RyanMaber\portfolio\services\frontend\src\shared\utilities\renderStoryblokContent\renderStoryblokContent.tsx">
        <metrics statements="27" coveredstatements="22" conditionals="7" coveredconditionals="6" methods="4" coveredmethods="4"/>
        <line num="1" count="4" type="stmt"/>
        <line num="2" count="4" type="stmt"/>
        <line num="3" count="4" type="stmt"/>
        <line num="4" count="4" type="stmt"/>
        <line num="5" count="4" type="stmt"/>
        <line num="8" count="4" type="stmt"/>
        <line num="9" count="2" type="stmt"/>
        <line num="10" count="2" type="stmt"/>
        <line num="11" count="2" type="stmt"/>
        <line num="12" count="2" type="stmt"/>
        <line num="14" count="0" type="stmt"/>
        <line num="15" count="0" type="stmt"/>
        <line num="20" count="4" type="stmt"/>
        <line num="23" count="34" type="cond" truecount="0" falsecount="1"/>
        <line num="24" count="0" type="stmt"/>
        <line num="27" count="34" type="cond" truecount="1" falsecount="0"/>
        <line num="28" count="14" type="stmt"/>
        <line num="31" count="19" type="cond" truecount="2" falsecount="0"/>
        <line num="39" count="20" type="stmt"/>
        <line num="40" count="20" type="cond" truecount="1" falsecount="0"/>
        <line num="41" count="7" type="stmt"/>
        <line num="42" count="7" type="stmt"/>
        <line num="45" count="13" type="stmt"/>
        <line num="47" count="13" type="cond" truecount="2" falsecount="0"/>
        <line num="49" count="0" type="stmt"/>
        <line num="52" count="0" type="stmt"/>
        <line num="55" count="4" type="stmt"/>
      </file>
    </package>
    <package name="src.shared.utilities.renderStoryblokContent.renderers">
      <metrics statements="52" coveredstatements="34" conditionals="9" coveredconditionals="0" methods="30" coveredmethods="15"/>
      <file name="blocks.tsx" path="C:\Users\ryan\Desktop\Projects\RyanMaber\portfolio\services\frontend\src\shared\utilities\renderStoryblokContent\renderers\blocks.tsx">
        <metrics statements="18" coveredstatements="15" conditionals="1" coveredconditionals="0" methods="8" coveredmethods="6"/>
        <line num="1" count="4" type="stmt"/>
        <line num="2" count="4" type="stmt"/>
        <line num="3" count="4" type="stmt"/>
        <line num="13" count="4" type="stmt"/>
        <line num="14" count="4" type="stmt"/>
        <line num="15" count="4" type="stmt"/>
        <line num="31" count="4" type="stmt"/>
        <line num="32" count="3" type="stmt"/>
        <line num="33" count="1" type="stmt"/>
        <line num="38" count="1" type="stmt"/>
        <line num="41" count="1" type="stmt"/>
        <line num="42" count="0" type="stmt"/>
        <line num="43" count="1" type="stmt"/>
        <line num="44" count="0" type="stmt"/>
        <line num="54" count="4" type="stmt"/>
        <line num="55" count="7" type="cond" truecount="0" falsecount="1"/>
        <line num="56" count="0" type="stmt"/>
        <line num="59" count="7" type="stmt"/>
      </file>
      <file name="marks.tsx" path="C:\Users\ryan\Desktop\Projects\RyanMaber\portfolio\services\frontend\src\shared\utilities\renderStoryblokContent\renderers\marks.tsx">
        <metrics statements="14" coveredstatements="7" conditionals="5" coveredconditionals="0" methods="9" coveredmethods="3"/>
        <line num="2" count="4" type="stmt"/>
        <line num="28" count="4" type="stmt"/>
        <line num="29" count="0" type="stmt"/>
        <line num="30" count="1" type="stmt"/>
        <line num="31" count="1" type="stmt"/>
        <line num="32" count="0" type="stmt"/>
        <line num="33" count="0" type="stmt"/>
        <line num="34" count="0" type="stmt"/>
        <line num="36" count="0" type="cond" truecount="0" falsecount="4"/>
        <line num="40" count="0" type="stmt"/>
        <line num="43" count="4" type="stmt"/>
        <line num="44" count="2" type="cond" truecount="0" falsecount="1"/>
        <line num="45" count="0" type="stmt"/>
        <line num="48" count="2" type="stmt"/>
      </file>
      <file name="richtext.tsx" path="C:\Users\ryan\Desktop\Projects\RyanMaber\portfolio\services\frontend\src\shared\utilities\renderStoryblokContent\renderers\richtext.tsx">
        <metrics statements="20" coveredstatements="12" conditionals="3" coveredconditionals="0" methods="13" coveredmethods="6"/>
        <line num="1" count="4" type="stmt"/>
        <line num="2" count="4" type="stmt"/>
        <line num="3" count="4" type="stmt"/>
        <line num="13" count="4" type="stmt"/>
        <line num="14" count="2" type="stmt"/>
        <line num="16" count="1" type="stmt"/>
        <line num="18" count="3" type="stmt"/>
        <line num="19" count="0" type="stmt"/>
        <line num="20" count="0" type="stmt"/>
        <line num="21" count="0" type="stmt"/>
        <line num="22" count="0" type="stmt"/>
        <line num="23" count="0" type="stmt"/>
        <line num="24" count="1" type="stmt"/>
        <line num="25" count="0" type="cond" truecount="0" falsecount="2"/>
        <line num="26" count="6" type="stmt"/>
        <line num="27" count="0" type="stmt"/>
        <line num="30" count="4" type="stmt"/>
        <line num="33" count="13" type="cond" truecount="0" falsecount="1"/>
        <line num="34" count="0" type="stmt"/>
        <line num="37" count="13" type="stmt"/>
      </file>
    </package>
    <package name="src.shared.utilities.withHandledApiErrors">
      <metrics statements="24" coveredstatements="16" conditionals="8" coveredconditionals="4" methods="8" coveredmethods="4"/>
      <file name="ApiErrorHandler.tsx" path="C:\Users\ryan\Desktop\Projects\RyanMaber\portfolio\services\frontend\src\shared\utilities\withHandledApiErrors\ApiErrorHandler.tsx">
        <metrics statements="7" coveredstatements="7" conditionals="2" coveredconditionals="2" methods="1" coveredmethods="1"/>
        <line num="1" count="3" type="stmt"/>
        <line num="3" count="3" type="stmt"/>
        <line num="4" count="3" type="stmt"/>
        <line num="6" count="3" type="stmt"/>
        <line num="7" count="3" type="cond" truecount="2" falsecount="0"/>
        <line num="9" count="3" type="stmt"/>
        <line num="12" count="3" type="stmt"/>
      </file>
      <file name="errors.ts" path="C:\Users\ryan\Desktop\Projects\RyanMaber\portfolio\services\frontend\src\shared\utilities\withHandledApiErrors\errors.ts">
        <metrics statements="4" coveredstatements="4" conditionals="2" coveredconditionals="2" methods="2" coveredmethods="2"/>
        <line num="2" count="3" type="stmt"/>
        <line num="6" count="3" type="stmt"/>
        <line num="10" count="3" type="stmt"/>
        <line num="12" count="3" type="cond" truecount="2" falsecount="0"/>
      </file>
      <file name="index.tsx" path="C:\Users\ryan\Desktop\Projects\RyanMaber\portfolio\services\frontend\src\shared\utilities\withHandledApiErrors\index.tsx">
        <metrics statements="3" coveredstatements="3" conditionals="0" coveredconditionals="0" methods="3" coveredmethods="1"/>
        <line num="1" count="8" type="stmt"/>
        <line num="2" count="3" type="stmt"/>
        <line num="3" count="3" type="stmt"/>
      </file>
      <file name="withHandledApiErrors.ts" path="C:\Users\ryan\Desktop\Projects\RyanMaber\portfolio\services\frontend\src\shared\utilities\withHandledApiErrors\withHandledApiErrors.ts">
        <metrics statements="10" coveredstatements="2" conditionals="4" coveredconditionals="0" methods="2" coveredmethods="0"/>
        <line num="1" count="3" type="stmt"/>
        <line num="4" count="3" type="stmt"/>
        <line num="5" count="0" type="cond" truecount="0" falsecount="1"/>
        <line num="6" count="0" type="stmt"/>
        <line num="12" count="0" type="cond" truecount="0" falsecount="2"/>
        <line num="16" count="0" type="cond" truecount="0" falsecount="1"/>
        <line num="17" count="0" type="stmt"/>
        <line num="18" count="0" type="stmt"/>
        <line num="20" count="0" type="stmt"/>
        <line num="23" count="0" type="stmt"/>
      </file>
    </package>
  </project>
</coverage>
