<?xml version="1.0" encoding="UTF-8"?>
<coverage generated="1704307551579" clover="3.2.0">
    <project timestamp="1704307551579" name="src.path.@some-at-symbol.mock-file.ts">
        <metrics statements="13134" coveredstatements="7788" conditionals="7772" coveredconditionals="3076" methods="3923" coveredmethods="1914" elements="24829" coveredelements="12778" complexity="0" loc="13134" ncloc="13134" packages="609" files="1617" classes="1617"/>
        <package name="src.path.@some-at-symbol.mock-file.ts">
            <metrics statements="58" coveredstatements="47" conditionals="8" coveredconditionals="6" methods="12" coveredmethods="10"/>
            <file name="src.path.@some-at-symbol.mock-file.ts" path="mock/project/root/12/mock-file.ts">
                <metrics statements="14" coveredstatements="14" conditionals="6" coveredconditionals="6" methods="5" coveredmethods="5"/>
                <line num="25" count="25" type="stmt"/>
                <line num="26" count="40" type="stmt"/>
                <line num="27" count="40" type="stmt"/>
                <line num="29" count="40" type="stmt"/>
                <line num="31" count="67" type="stmt"/>
                <line num="35" count="40" type="stmt"/>
                <line num="36" count="40" type="cond" truecount="2" falsecount="0"/>
                <line num="37" count="25" type="stmt"/>
                <line num="39" count="25" type="stmt"/>
                <line num="42" count="15" type="stmt"/>
                <line num="45" count="15" type="stmt"/>
                <line num="58" count="40" type="stmt"/>
                <line num="70" count="2280" type="cond" truecount="2" falsecount="0"/>
                <line num="72" count="2280" type="stmt"/>
            </file>
            <file name="src.path.@some-at-symbol.mock-file.ts" path="mock/project/root/11/mock-file.ts">
                <metrics statements="1" coveredstatements="1" conditionals="0" coveredconditionals="0" methods="0" coveredmethods="0"/>
                <line num="13" count="25" type="stmt"/>
            </file>
            <file name="src.path.@some-at-symbol.mock-file.ts" path="mock/project/root/10/mock-file.ts">
                <metrics statements="1" coveredstatements="1" conditionals="0" coveredconditionals="0" methods="0" coveredmethods="0"/>
                <line num="9" count="5" type="stmt"/>
            </file>
            <file name="src.path.@some-at-symbol.mock-file.ts" path="mock/project/root/9/mock-file.ts">
                <metrics statements="1" coveredstatements="1" conditionals="0" coveredconditionals="0" methods="0" coveredmethods="0"/>
                <line num="5" count="25" type="stmt"/>
            </file>
            <file name="src.path.@some-at-symbol.mock-file.ts" path="mock/project/root/8/mock-file.ts">
                <metrics statements="37" coveredstatements="26" conditionals="2" coveredconditionals="0" methods="7" coveredmethods="5"/>
                <line num="19" count="3" type="stmt"/>
                <line num="24" count="3" type="stmt"/>
                <line num="46" count="3" type="stmt"/>
                <line num="47" count="8" type="stmt"/>
                <line num="57" count="3" type="stmt"/>
                <line num="58" count="30" type="stmt"/>
                <line num="59" count="30" type="stmt"/>
                <line num="60" count="30" type="stmt"/>
                <line num="62" count="30" type="stmt"/>
                <line num="74" count="3" type="stmt"/>
                <line num="77" count="0" type="stmt"/>
                <line num="79" count="0" type="stmt"/>
                <line num="88" count="3" type="stmt"/>
                <line num="89" count="3" type="stmt"/>
                <line num="92" count="3" type="stmt"/>
                <line num="93" count="3" type="stmt"/>
                <line num="94" count="3" type="stmt"/>
                <line num="96" count="3" type="stmt"/>
                <line num="99" count="5" type="stmt"/>
                <line num="101" count="5" type="stmt"/>
                <line num="103" count="5" type="stmt"/>
                <line num="104" count="5" type="stmt"/>
                <line num="106" count="5" type="stmt"/>
                <line num="129" count="3" type="stmt"/>
                <line num="130" count="3" type="stmt"/>
                <line num="132" count="3" type="stmt"/>
                <line num="134" count="0" type="cond" truecount="0" falsecount="2"/>
                <line num="135" count="0" type="stmt"/>
                <line num="139" count="0" type="stmt"/>
                <line num="141" count="0" type="stmt"/>
                <line num="142" count="0" type="stmt"/>
                <line num="143" count="0" type="stmt"/>
                <line num="145" count="0" type="stmt"/>
                <line num="162" count="0" type="stmt"/>
                <line num="164" count="0" type="stmt"/>
                <line num="170" count="3" type="stmt"/>
                <line num="171" count="3" type="stmt"/>
            </file>
            <file name="src.path.@some-at-symbol.mock-file.ts" path="mock/project/root/7/mock-file.ts">
                <metrics statements="2" coveredstatements="2" conditionals="0" coveredconditionals="0" methods="0" coveredmethods="0"/>
                <line num="17" count="3" type="stmt"/>
                <line num="19" count="3" type="stmt"/>
            </file>
            <file name="src.path.@some-at-symbol.mock-file.ts" path="mock/project/root/6/mock-file.ts">
                <metrics statements="2" coveredstatements="2" conditionals="0" coveredconditionals="0" methods="0" coveredmethods="0"/>
                <line num="16" count="2" type="stmt"/>
                <line num="17" count="2" type="stmt"/>
            </file>
        </package>
        <package name="src.path.@some-at-symbol.mock-file.ts">
            <metrics statements="6" coveredstatements="6" conditionals="0" coveredconditionals="0" methods="2" coveredmethods="2"/>
            <file name="src.path.@some-at-symbol.mock-file.ts" path="mock/project/root/5/mock-file.ts">
                <metrics statements="0" coveredstatements="0" conditionals="0" coveredconditionals="0" methods="0" coveredmethods="0"/>
            </file>
            <file name="src.path.@some-at-symbol.mock-file.ts" path="mock/project/root/4/mock-file.ts">
                <metrics statements="3" coveredstatements="3" conditionals="0" coveredconditionals="0" methods="1" coveredmethods="1"/>
                <line num="5" count="30" type="stmt"/>
                <line num="6" count="860" type="stmt"/>
                <line num="8" count="860" type="stmt"/>
            </file>
            <file name="src.path.@some-at-symbol.mock-file.ts" path="mock/project/root/3/mock-file.ts">
                <metrics statements="3" coveredstatements="3" conditionals="0" coveredconditionals="0" methods="1" coveredmethods="1"/>
                <line num="7" count="30" type="stmt"/>
                <line num="8" count="2" type="stmt"/>
                <line num="13" count="2" type="stmt"/>
            </file>
        </package>
        <package name="src.path.@some-at-symbol.mock-file.ts">
            <metrics statements="1" coveredstatements="1" conditionals="0" coveredconditionals="0" methods="0" coveredmethods="0"/>
            <file name="src.path.@some-at-symbol.mock-file.ts" path="mock/project/root/2/mock-file.ts">
                <metrics statements="1" coveredstatements="1" conditionals="0" coveredconditionals="0" methods="0" coveredmethods="0"/>
                <line num="4" count="30" type="stmt"/>
            </file>
            <file name="src.path.@some-at-symbol.mock-file.ts" path="mock/project/root/1/mock-file.ts">
                <metrics statements="0" coveredstatements="0" conditionals="0" coveredconditionals="0" methods="0" coveredmethods="0"/>
            </file>
        </package>
    </project>
</coverage>
