<?xml version="1.0" encoding="UTF-8"?>
<coverage generated="1681657109">
  <project timestamp="1681657109">
    <file name="mock/project/root/services/backend/src/Client/SentryClient.php">
      <class name="App/Client/SentryClient" namespace="global">
        <metrics complexity="3" methods="3" coveredmethods="3" conditionals="0" coveredconditionals="0" statements="12" coveredstatements="12" elements="15" coveredelements="15"/>
      </class>
      <line num="13" type="method" name="__construct" visibility="public" complexity="1" crap="1" count="4"/>
      <line num="17" type="stmt" count="4"/>
      <line num="19" type="method" name="sendRequest" visibility="public" complexity="1" crap="1" count="4"/>
      <line num="21" type="stmt" count="4"/>
      <line num="24" type="method" name="decorateRequest" visibility="private" complexity="1" crap="1" count="4"/>
      <line num="26" type="stmt" count="4"/>
      <line num="27" type="stmt" count="4"/>
      <line num="28" type="stmt" count="4"/>
      <line num="29" type="stmt" count="4"/>
      <line num="30" type="stmt" count="4"/>
      <line num="31" type="stmt" count="4"/>
      <line num="32" type="stmt" count="4"/>
      <line num="33" type="stmt" count="4"/>
      <line num="34" type="stmt" count="4"/>
      <line num="35" type="stmt" count="4"/>
      <metrics loc="38" ncloc="38" classes="1" methods="3" coveredmethods="3" conditionals="0" coveredconditionals="0" statements="12" coveredstatements="12" elements="15" coveredelements="15"/>
    </file>
    <file name="mock/project/root/services/backend/src/Client/StoryblokClient.php">
      <class name="App/Client/StoryblokClient" namespace="global">
        <metrics complexity="7" methods="2" coveredmethods="2" conditionals="0" coveredconditionals="0" statements="31" coveredstatements="31" elements="33" coveredelements="33"/>
      </class>
      <line num="15" type="method" name="__construct" visibility="public" complexity="3" crap="3" count="9"/>
      <line num="24" type="stmt" count="9"/>
      <line num="25" type="stmt" count="9"/>
      <line num="26" type="stmt" count="9"/>
      <line num="27" type="stmt" count="9"/>
      <line num="35" type="stmt" count="9"/>
      <line num="36" type="stmt" count="9"/>
      <line num="38" type="stmt" count="6"/>
      <line num="41" type="stmt" count="9"/>
      <line num="42" type="stmt" count="9"/>
      <line num="43" type="stmt" count="9"/>
      <line num="44" type="stmt" count="9"/>
      <line num="45" type="stmt" count="9"/>
      <line num="46" type="stmt" count="9"/>
      <line num="47" type="stmt" count="9"/>
      <line num="48" type="stmt" count="9"/>
      <line num="49" type="stmt" count="9"/>
      <line num="50" type="stmt" count="9"/>
      <line num="51" type="stmt" count="9"/>
      <line num="57" type="method" name="getMaxCost" visibility="public" complexity="4" crap="4" count="2"/>
      <line num="59" type="stmt" count="2"/>
      <line num="60" type="stmt" count="2"/>
      <line num="61" type="stmt" count="2"/>
      <line num="62" type="stmt" count="2"/>
      <line num="63" type="stmt" count="2"/>
      <line num="66" type="stmt" count="2"/>
      <line num="67" type="stmt" count="2"/>
      <line num="68" type="stmt" count="2"/>
      <line num="71" type="stmt" count="2"/>
      <line num="72" type="stmt" count="2"/>
      <line num="73" type="stmt" count="2"/>
      <line num="75" type="stmt" count="1"/>
      <line num="78" type="stmt" count="1"/>
      <metrics loc="81" ncloc="72" classes="1" methods="2" coveredmethods="2" conditionals="0" coveredconditionals="0" statements="31" coveredstatements="31" elements="33" coveredelements="33"/>
    </file>
    <file name="mock/project/root/services/backend/src/Command/DumpRoutesSnapshotCommand.php">
      <class name="App/Command/DumpRoutesSnapshotCommand" namespace="global">
        <metrics complexity="10" methods="3" coveredmethods="2" conditionals="0" coveredconditionals="0" statements="40" coveredstatements="35" elements="43" coveredelements="37"/>
      </class>
      <line num="26" type="method" name="__construct" visibility="public" complexity="1" crap="1" count="2"/>
      <line num="28" type="stmt" count="2"/>
      <line num="30" type="stmt" count="2"/>
      <line num="33" type="method" name="configure" visibility="public" complexity="1" crap="1" count="2"/>
      <line num="35" type="stmt" count="2"/>
      <line num="36" type="stmt" count="2"/>
      <line num="37" type="stmt" count="2"/>
      <line num="38" type="stmt" count="2"/>
      <line num="39" type="stmt" count="2"/>
      <line num="40" type="stmt" count="2"/>
      <line num="41" type="stmt" count="2"/>
      <line num="42" type="stmt" count="2"/>
      <line num="43" type="stmt" count="2"/>
      <line num="44" type="stmt" count="2"/>
      <line num="45" type="stmt" count="2"/>
      <line num="48" type="method" name="execute" visibility="protected" complexity="8" crap="8.41" count="2"/>
      <line num="50" type="stmt" count="2"/>
      <line num="52" type="stmt" count="2"/>
      <line num="54" type="stmt" count="2"/>
      <line num="56" type="stmt" count="2"/>
      <line num="57" type="stmt" count="1"/>
      <line num="58" type="stmt" count="1"/>
      <line num="59" type="stmt" count="1"/>
      <line num="60" type="stmt" count="1"/>
      <line num="61" type="stmt" count="1"/>
      <line num="62" type="stmt" count="1"/>
      <line num="66" type="stmt" count="2"/>
      <line num="67" type="stmt" count="0"/>
      <line num="68" type="stmt" count="0"/>
      <line num="69" type="stmt" count="0"/>
      <line num="74" type="stmt" count="2"/>
      <line num="76" type="stmt" count="2"/>
      <line num="78" type="stmt" count="2"/>
      <line num="80" type="stmt" count="1"/>
      <line num="82" type="stmt" count="0"/>
      <line num="83" type="stmt" count="0"/>
      <line num="86" type="stmt" count="1"/>
      <line num="87" type="stmt" count="1"/>
      <line num="88" type="stmt" count="1"/>
      <line num="89" type="stmt" count="1"/>
      <line num="90" type="stmt" count="1"/>
      <line num="93" type="stmt" count="1"/>
      <line num="94" type="stmt" count="1"/>
      <metrics loc="97" ncloc="95" classes="1" methods="3" coveredmethods="2" conditionals="0" coveredconditionals="0" statements="40" coveredstatements="35" elements="43" coveredelements="37"/>
    </file>
    <file name="mock/project/root/services/backend/src/Command/DumpSchemaCommand.php">
      <class name="App/Command/DumpSchemaCommand" namespace="global">
        <metrics complexity="15" methods="4" coveredmethods="3" conditionals="0" coveredconditionals="0" statements="42" coveredstatements="40" elements="46" coveredelements="43"/>
      </class>
      <line num="22" type="method" name="__construct" visibility="public" complexity="1" crap="1" count="4"/>
      <line num="25" type="stmt" count="4"/>
      <line num="28" type="method" name="configure" visibility="public" complexity="1" crap="1" count="4"/>
      <line num="30" type="stmt" count="4"/>
      <line num="31" type="stmt" count="4"/>
      <line num="32" type="stmt" count="4"/>
      <line num="33" type="stmt" count="4"/>
      <line num="34" type="stmt" count="4"/>
      <line num="37" type="method" name="execute" visibility="protected" complexity="12" crap="12.04" count="4"/>
      <line num="39" type="stmt" count="4"/>
      <line num="42" type="stmt" count="4"/>
      <line num="45" type="stmt" count="4"/>
      <line num="47" type="stmt" count="4"/>
      <line num="49" type="stmt" count="2"/>
      <line num="51" type="stmt" count="0"/>
      <line num="52" type="stmt" count="0"/>
      <line num="55" type="stmt" count="2"/>
      <line num="56" type="stmt" count="2"/>
      <line num="57" type="stmt" count="2"/>
      <line num="58" type="stmt" count="2"/>
      <line num="59" type="stmt" count="2"/>
      <line num="60" type="stmt" count="2"/>
      <line num="61" type="stmt" count="2"/>
      <line num="62" type="stmt" count="2"/>
      <line num="64" type="stmt" count="2"/>
      <line num="65" type="stmt" count="2"/>
      <line num="68" type="stmt" count="2"/>
      <line num="69" type="stmt" count="1"/>
      <line num="70" type="stmt" count="1"/>
      <line num="71" type="stmt" count="1"/>
      <line num="72" type="stmt" count="1"/>
      <line num="73" type="stmt" count="1"/>
      <line num="76" type="stmt" count="2"/>
      <line num="81" type="stmt" count="2"/>
      <line num="82" type="stmt" count="1"/>
      <line num="83" type="stmt" count="1"/>
      <line num="84" type="stmt" count="1"/>
      <line num="85" type="stmt" count="1"/>
      <line num="86" type="stmt" count="1"/>
      <line num="89" type="stmt" count="2"/>
      <line num="101" type="method" name="normaliseLineEndings" visibility="private" complexity="1" crap="1" count="2"/>
      <line num="103" type="stmt" count="2"/>
      <line num="104" type="stmt" count="2"/>
      <line num="105" type="stmt" count="2"/>
      <line num="106" type="stmt" count="2"/>
      <line num="107" type="stmt" count="2"/>
      <metrics loc="110" ncloc="99" classes="1" methods="4" coveredmethods="3" conditionals="0" coveredconditionals="0" statements="42" coveredstatements="40" elements="46" coveredelements="43"/>
    </file>
    <file name="mock/project/root/services/backend/src/Command/ValidateSchemaCommand.php">
      <class name="App/Command/ValidateSchemaCommand" namespace="global">
        <metrics complexity="10" methods="3" coveredmethods="3" conditionals="0" coveredconditionals="0" statements="24" coveredstatements="24" elements="27" coveredelements="27"/>
      </class>
      <line num="21" type="method" name="__construct" visibility="public" complexity="1" crap="1" count="4"/>
      <line num="24" type="stmt" count="4"/>
      <line num="27" type="method" name="configure" visibility="public" complexity="1" crap="1" count="4"/>
      <line num="29" type="stmt" count="4"/>
      <line num="30" type="stmt" count="4"/>
      <line num="31" type="stmt" count="4"/>
      <line num="32" type="stmt" count="4"/>
      <line num="33" type="stmt" count="4"/>
      <line num="36" type="method" name="execute" visibility="protected" complexity="8" crap="8" count="4"/>
      <line num="38" type="stmt" count="4"/>
      <line num="41" type="stmt" count="4"/>
      <line num="44" type="stmt" count="4"/>
      <line num="45" type="stmt" count="2"/>
      <line num="48" type="stmt" count="2"/>
      <line num="49" type="stmt" count="1"/>
      <line num="50" type="stmt" count="1"/>
      <line num="51" type="stmt" count="1"/>
      <line num="52" type="stmt" count="1"/>
      <line num="53" type="stmt" count="1"/>
      <line num="55" type="stmt" count="2"/>
      <line num="60" type="stmt" count="2"/>
      <line num="61" type="stmt" count="1"/>
      <line num="62" type="stmt" count="1"/>
      <line num="63" type="stmt" count="1"/>
      <line num="64" type="stmt" count="1"/>
      <line num="65" type="stmt" count="1"/>
      <line num="67" type="stmt" count="2"/>
      <metrics loc="70" ncloc="69" classes="1" methods="3" coveredmethods="3" conditionals="0" coveredconditionals="0" statements="24" coveredstatements="24" elements="27" coveredelements="27"/>
    </file>
    <file name="mock/project/root/services/backend/src/Constant/ApiExceptionEnum.php">
      <metrics loc="11" ncloc="11" classes="0" methods="0" coveredmethods="0" conditionals="0" coveredconditionals="0" statements="0" coveredstatements="0" elements="0" coveredelements="0"/>
    </file>
    <file name="mock/project/root/services/backend/src/Constant/ApiResolver.php">
      <class name="App/Constant/ApiResolver" namespace="global">
        <metrics complexity="0" methods="0" coveredmethods="0" conditionals="0" coveredconditionals="0" statements="0" coveredstatements="0" elements="0" coveredelements="0"/>
      </class>
      <metrics loc="41" ncloc="32" classes="0" methods="0" coveredmethods="0" conditionals="0" coveredconditionals="0" statements="0" coveredstatements="0" elements="0" coveredelements="0"/>
    </file>
    <file name="mock/project/root/services/backend/src/Constant/ApiType.php">
      <class name="App/Constant/ApiType" namespace="global">
        <metrics complexity="0" methods="0" coveredmethods="0" conditionals="0" coveredconditionals="0" statements="0" coveredstatements="0" elements="0" coveredelements="0"/>
      </class>
      <metrics loc="76" ncloc="53" classes="0" methods="0" coveredmethods="0" conditionals="0" coveredconditionals="0" statements="0" coveredstatements="0" elements="0" coveredelements="0"/>
    </file>
    <file name="mock/project/root/services/backend/src/Constant/ContactForm.php">
      <class name="App/Constant/ContactForm" namespace="global">
        <metrics complexity="0" methods="0" coveredmethods="0" conditionals="0" coveredconditionals="0" statements="0" coveredstatements="0" elements="0" coveredelements="0"/>
      </class>
      <metrics loc="13" ncloc="13" classes="0" methods="0" coveredmethods="0" conditionals="0" coveredconditionals="0" statements="0" coveredstatements="0" elements="0" coveredelements="0"/>
    </file>
    <file name="mock/project/root/services/backend/src/Constant/EnvironmentTypeEnum.php">
      <metrics loc="11" ncloc="11" classes="0" methods="0" coveredmethods="0" conditionals="0" coveredconditionals="0" statements="0" coveredstatements="0" elements="0" coveredelements="0"/>
    </file>
    <file name="mock/project/root/services/backend/src/Constant/SentryConfiguration.php">
      <class name="App/Constant/SentryConfiguration" namespace="global">
        <metrics complexity="0" methods="0" coveredmethods="0" conditionals="0" coveredconditionals="0" statements="0" coveredstatements="0" elements="0" coveredelements="0"/>
      </class>
      <metrics loc="13" ncloc="13" classes="0" methods="0" coveredmethods="0" conditionals="0" coveredconditionals="0" statements="0" coveredstatements="0" elements="0" coveredelements="0"/>
    </file>
    <file name="mock/project/root/services/backend/src/Constant/StatisticEnum.php">
      <metrics loc="11" ncloc="11" classes="0" methods="0" coveredmethods="0" conditionals="0" coveredconditionals="0" statements="0" coveredstatements="0" elements="0" coveredelements="0"/>
    </file>
    <file name="mock/project/root/services/backend/src/Constant/StoryblokConfiguration.php">
      <class name="App/Constant/StoryblokConfiguration" namespace="global">
        <metrics complexity="0" methods="0" coveredmethods="0" conditionals="0" coveredconditionals="0" statements="0" coveredstatements="0" elements="0" coveredelements="0"/>
      </class>
      <metrics loc="9" ncloc="9" classes="0" methods="0" coveredmethods="0" conditionals="0" coveredconditionals="0" statements="0" coveredstatements="0" elements="0" coveredelements="0"/>
    </file>
    <file name="mock/project/root/services/backend/src/Constant/StoryblokContentTypeEnum.php">
      <class name="App/Constant/StoryblokContentTypeEnum" namespace="global">
        <metrics complexity="5" methods="3" coveredmethods="2" conditionals="0" coveredconditionals="0" statements="10" coveredstatements="8" elements="13" coveredelements="10"/>
      </class>
      <line num="21" type="method" name="toQueryName" visibility="public" complexity="2" crap="2" count="14"/>
      <line num="23" type="stmt" count="14"/>
      <line num="24" type="stmt" count="14"/>
      <line num="25" type="stmt" count="14"/>
      <line num="26" type="stmt" count="14"/>
      <line num="27" type="stmt" count="14"/>
      <line num="40" type="method" name="fromQueryName" visibility="public" complexity="1" crap="1" count="8"/>
      <line num="42" type="stmt" count="8"/>
      <line num="44" type="stmt" count="8"/>
      <line num="55" type="method" name="tryFromQueryName" visibility="public" complexity="2" crap="3.19" count="8"/>
      <line num="58" type="stmt" count="8"/>
      <line num="59" type="stmt" count="0"/>
      <line num="60" type="stmt" count="0"/>
      <metrics loc="64" ncloc="37" classes="1" methods="3" coveredmethods="2" conditionals="0" coveredconditionals="0" statements="10" coveredstatements="8" elements="13" coveredelements="10"/>
    </file>
    <file name="mock/project/root/services/backend/src/Controller/ApiController.php">
      <class name="App/Controller/ApiController" namespace="global">
        <metrics complexity="3" methods="2" coveredmethods="1" conditionals="0" coveredconditionals="0" statements="17" coveredstatements="10" elements="19" coveredelements="11"/>
      </class>
      <line num="15" type="method" name="__construct" visibility="public" complexity="1" crap="1" count="8"/>
      <line num="19" type="stmt" count="8"/>
      <line num="21" type="method" name="index" visibility="public" complexity="2" crap="2.33" count="8"/>
      <line num="24" type="stmt" count="8"/>
      <line num="26" type="stmt" count="8"/>
      <line num="27" type="stmt" count="8"/>
      <line num="28" type="stmt" count="8"/>
      <line num="29" type="stmt" count="8"/>
      <line num="30" type="stmt" count="8"/>
      <line num="31" type="stmt" count="8"/>
      <line num="34" type="stmt" count="8"/>
      <line num="35" type="stmt" count="0"/>
      <line num="36" type="stmt" count="0"/>
      <line num="37" type="stmt" count="0"/>
      <line num="38" type="stmt" count="0"/>
      <line num="39" type="stmt" count="0"/>
      <line num="40" type="stmt" count="0"/>
      <line num="42" type="stmt" count="0"/>
      <line num="45" type="stmt" count="8"/>
      <metrics loc="48" ncloc="48" classes="1" methods="2" coveredmethods="1" conditionals="0" coveredconditionals="0" statements="17" coveredstatements="10" elements="19" coveredelements="11"/>
    </file>
    <file name="mock/project/root/services/backend/src/Controller/DefaultController.php">
      <class name="App/Controller/DefaultController" namespace="global">
        <metrics complexity="4" methods="2" coveredmethods="2" conditionals="0" coveredconditionals="0" statements="17" coveredstatements="17" elements="19" coveredelements="19"/>
      </class>
      <line num="15" type="method" name="__construct" visibility="public" complexity="1" crap="1" count="3"/>
      <line num="19" type="stmt" count="3"/>
      <line num="21" type="method" name="health" visibility="public" complexity="3" crap="3" count="3"/>
      <line num="24" type="stmt" count="3"/>
      <line num="27" type="stmt" count="3"/>
      <line num="28" type="stmt" count="3"/>
      <line num="29" type="stmt" count="1"/>
      <line num="30" type="stmt" count="1"/>
      <line num="34" type="stmt" count="3"/>
      <line num="35" type="stmt" count="1"/>
      <line num="36" type="stmt" count="1"/>
      <line num="39" type="stmt" count="3"/>
      <line num="40" type="stmt" count="3"/>
      <line num="41" type="stmt" count="3"/>
      <line num="42" type="stmt" count="3"/>
      <line num="43" type="stmt" count="3"/>
      <line num="44" type="stmt" count="3"/>
      <line num="45" type="stmt" count="3"/>
      <line num="46" type="stmt" count="3"/>
      <metrics loc="49" ncloc="49" classes="1" methods="2" coveredmethods="2" conditionals="0" coveredconditionals="0" statements="17" coveredstatements="17" elements="19" coveredelements="19"/>
    </file>
    <file name="mock/project/root/services/backend/src/Exception/AbstractApiException.php">
      <class name="App/Exception/AbstractApiException" namespace="global">
        <metrics complexity="2" methods="2" coveredmethods="1" conditionals="0" coveredconditionals="0" statements="5" coveredstatements="2" elements="7" coveredelements="3"/>
      </class>
      <line num="12" type="method" name="isClientSafe" visibility="public" complexity="1" crap="1" count="1"/>
      <line num="14" type="stmt" count="1"/>
      <line num="20" type="method" name="getExtensions" visibility="public" complexity="1" crap="1.42" count="1"/>
      <line num="23" type="stmt" count="1"/>
      <line num="24" type="stmt" count="0"/>
      <line num="25" type="stmt" count="0"/>
      <line num="26" type="stmt" count="0"/>
      <metrics loc="29" ncloc="25" classes="1" methods="2" coveredmethods="1" conditionals="0" coveredconditionals="0" statements="5" coveredstatements="2" elements="7" coveredelements="3"/>
    </file>
    <file name="mock/project/root/services/backend/src/Exception/ModelException.php">
      <class name="App/Exception/ModelException" namespace="global">
        <metrics complexity="1" methods="1" coveredmethods="0" conditionals="0" coveredconditionals="0" statements="1" coveredstatements="0" elements="2" coveredelements="0"/>
      </class>
      <line num="10" type="method" name="getDecodeException" visibility="public" complexity="1" crap="2" count="0"/>
      <line num="12" type="stmt" count="0"/>
      <metrics loc="15" ncloc="15" classes="1" methods="1" coveredmethods="0" conditionals="0" coveredconditionals="0" statements="1" coveredstatements="0" elements="2" coveredelements="0"/>
    </file>
    <file name="mock/project/root/services/backend/src/Exception/NotFoundException.php">
      <class name="App/Exception/NotFoundException" namespace="global">
        <metrics complexity="1" methods="1" coveredmethods="1" conditionals="0" coveredconditionals="0" statements="1" coveredstatements="1" elements="2" coveredelements="2"/>
      </class>
      <line num="7" type="method" name="getException" visibility="public" complexity="1" crap="1" count="4"/>
      <line num="9" type="stmt" count="4"/>
      <metrics loc="12" ncloc="12" classes="1" methods="1" coveredmethods="1" conditionals="0" coveredconditionals="0" statements="1" coveredstatements="1" elements="2" coveredelements="2"/>
    </file>
    <file name="mock/project/root/services/backend/src/Exception/ResolverNotFoundException.php">
      <class name="App/Exception/ResolverNotFoundException" namespace="global">
        <metrics complexity="0" methods="0" coveredmethods="0" conditionals="0" coveredconditionals="0" statements="0" coveredstatements="0" elements="0" coveredelements="0"/>
      </class>
      <metrics loc="10" ncloc="10" classes="0" methods="0" coveredmethods="0" conditionals="0" coveredconditionals="0" statements="0" coveredstatements="0" elements="0" coveredelements="0"/>
    </file>
    <file name="mock/project/root/services/backend/src/Kernel.php">
      <class name="App/Kernel" namespace="global">
        <metrics complexity="0" methods="0" coveredmethods="0" conditionals="0" coveredconditionals="0" statements="0" coveredstatements="0" elements="0" coveredelements="0"/>
      </class>
      <metrics loc="12" ncloc="12" classes="0" methods="0" coveredmethods="0" conditionals="0" coveredconditionals="0" statements="0" coveredstatements="0" elements="0" coveredelements="0"/>
    </file>
    <file name="mock/project/root/services/backend/src/Model/Notification/AbstractNotification.php">
      <class name="App/Model/Notification/AbstractNotification" namespace="global">
        <metrics complexity="1" methods="1" coveredmethods="1" conditionals="0" coveredconditionals="0" statements="7" coveredstatements="7" elements="8" coveredelements="8"/>
      </class>
      <line num="10" type="method" name="jsonSerialize" visibility="public" complexity="1" crap="1" count="1"/>
      <line num="12" type="stmt" count="1"/>
      <line num="13" type="stmt" count="1"/>
      <line num="14" type="stmt" count="1"/>
      <line num="15" type="stmt" count="1"/>
      <line num="16" type="stmt" count="1"/>
      <line num="17" type="stmt" count="1"/>
      <line num="18" type="stmt" count="1"/>
      <metrics loc="32" ncloc="29" classes="1" methods="1" coveredmethods="1" conditionals="0" coveredconditionals="0" statements="7" coveredstatements="7" elements="8" coveredelements="8"/>
    </file>
    <file name="mock/project/root/services/backend/src/Model/Notification/EmailBasedNotification.php">
      <class name="App/Model/Notification/EmailBasedNotification" namespace="global">
        <metrics complexity="5" methods="5" coveredmethods="5" conditionals="0" coveredconditionals="0" statements="5" coveredstatements="5" elements="10" coveredelements="10"/>
      </class>
      <line num="13" type="method" name="__construct" visibility="public" complexity="1" crap="1" count="1"/>
      <line num="19" type="stmt" count="1"/>
      <line num="21" type="method" name="getTo" visibility="public" complexity="1" crap="1" count="2"/>
      <line num="23" type="stmt" count="2"/>
      <line num="26" type="method" name="getSubject" visibility="public" complexity="1" crap="1" count="2"/>
      <line num="28" type="stmt" count="2"/>
      <line num="31" type="method" name="getMessage" visibility="public" complexity="1" crap="1" count="1"/>
      <line num="33" type="stmt" count="1"/>
      <line num="36" type="method" name="getFrom" visibility="public" complexity="1" crap="1" count="1"/>
      <line num="38" type="stmt" count="1"/>
      <metrics loc="41" ncloc="35" classes="1" methods="5" coveredmethods="5" conditionals="0" coveredconditionals="0" statements="5" coveredstatements="5" elements="10" coveredelements="10"/>
    </file>
    <file name="mock/project/root/services/backend/src/Model/Notification/UnidirectionalJsonTransportSerializer.php">
      <class name="App/Model/Notification/UnidirectionalJsonTransportSerializer" namespace="global">
        <metrics complexity="2" methods="2" coveredmethods="1" conditionals="0" coveredconditionals="0" statements="10" coveredstatements="9" elements="12" coveredelements="10"/>
      </class>
      <line num="23" type="method" name="decode" visibility="public" complexity="1" crap="2" count="0"/>
      <line num="25" type="stmt" count="0"/>
      <line num="31" type="method" name="encode" visibility="public" complexity="1" crap="1" count="1"/>
      <line num="33" type="stmt" count="1"/>
      <line num="35" type="stmt" count="1"/>
      <line num="36" type="stmt" count="1"/>
      <line num="37" type="stmt" count="1"/>
      <line num="38" type="stmt" count="1"/>
      <line num="42" type="stmt" count="1"/>
      <line num="43" type="stmt" count="1"/>
      <line num="44" type="stmt" count="1"/>
      <line num="45" type="stmt" count="1"/>
      <metrics loc="48" ncloc="36" classes="1" methods="2" coveredmethods="1" conditionals="0" coveredconditionals="0" statements="10" coveredstatements="9" elements="12" coveredelements="10"/>
    </file>
    <file name="mock/project/root/services/backend/src/Model/SentryIssue.php">
      <class name="App/Model/SentryIssue" namespace="global">
        <metrics complexity="6" methods="2" coveredmethods="2" conditionals="0" coveredconditionals="0" statements="20" coveredstatements="20" elements="22" coveredelements="22"/>
      </class>
      <line num="31" type="method" name="__construct" visibility="public" complexity="5" crap="5" count="4"/>
      <line num="33" type="stmt" count="4"/>
      <line num="34" type="stmt" count="4"/>
      <line num="35" type="stmt" count="4"/>
      <line num="36" type="stmt" count="4"/>
      <line num="37" type="stmt" count="4"/>
      <line num="38" type="stmt" count="4"/>
      <line num="39" type="stmt" count="4"/>
      <line num="40" type="stmt" count="4"/>
      <line num="41" type="stmt" count="4"/>
      <line num="42" type="stmt" count="4"/>
      <line num="45" type="method" name="jsonSerialize" visibility="public" complexity="1" crap="1" count="4"/>
      <line num="47" type="stmt" count="4"/>
      <line num="48" type="stmt" count="4"/>
      <line num="49" type="stmt" count="4"/>
      <line num="50" type="stmt" count="4"/>
      <line num="51" type="stmt" count="4"/>
      <line num="52" type="stmt" count="4"/>
      <line num="53" type="stmt" count="4"/>
      <line num="54" type="stmt" count="4"/>
      <line num="55" type="stmt" count="4"/>
      <line num="56" type="stmt" count="4"/>
      <metrics loc="59" ncloc="56" classes="1" methods="2" coveredmethods="2" conditionals="0" coveredconditionals="0" statements="20" coveredstatements="20" elements="22" coveredelements="22"/>
    </file>
    <file name="mock/project/root/services/backend/src/Model/SentryRelease.php">
      <class name="App/Model/SentryRelease" namespace="global">
        <metrics complexity="6" methods="2" coveredmethods="2" conditionals="0" coveredconditionals="0" statements="14" coveredstatements="14" elements="16" coveredelements="16"/>
      </class>
      <line num="25" type="method" name="__construct" visibility="public" complexity="5" crap="5" count="10"/>
      <line num="27" type="stmt" count="10"/>
      <line num="28" type="stmt" count="10"/>
      <line num="29" type="stmt" count="10"/>
      <line num="30" type="stmt" count="10"/>
      <line num="31" type="stmt" count="10"/>
      <line num="32" type="stmt" count="10"/>
      <line num="33" type="stmt" count="10"/>
      <line num="36" type="method" name="jsonSerialize" visibility="public" complexity="1" crap="1" count="7"/>
      <line num="38" type="stmt" count="7"/>
      <line num="39" type="stmt" count="7"/>
      <line num="40" type="stmt" count="7"/>
      <line num="41" type="stmt" count="7"/>
      <line num="42" type="stmt" count="7"/>
      <line num="43" type="stmt" count="7"/>
      <line num="44" type="stmt" count="7"/>
      <metrics loc="47" ncloc="44" classes="1" methods="2" coveredmethods="2" conditionals="0" coveredconditionals="0" statements="14" coveredstatements="14" elements="16" coveredelements="16"/>
    </file>
    <file name="mock/project/root/services/backend/src/Model/SentryUser.php">
      <class name="App/Model/SentryUser" namespace="global">
        <metrics complexity="4" methods="2" coveredmethods="0" conditionals="0" coveredconditionals="0" statements="10" coveredstatements="0" elements="12" coveredelements="0"/>
      </class>
      <line num="21" type="method" name="__construct" visibility="public" complexity="3" crap="12" count="0"/>
      <line num="23" type="stmt" count="0"/>
      <line num="24" type="stmt" count="0"/>
      <line num="25" type="stmt" count="0"/>
      <line num="26" type="stmt" count="0"/>
      <line num="29" type="method" name="jsonSerialize" visibility="public" complexity="1" crap="2" count="0"/>
      <line num="31" type="stmt" count="0"/>
      <line num="32" type="stmt" count="0"/>
      <line num="33" type="stmt" count="0"/>
      <line num="34" type="stmt" count="0"/>
      <line num="35" type="stmt" count="0"/>
      <metrics loc="38" ncloc="35" classes="1" methods="2" coveredmethods="0" conditionals="0" coveredconditionals="0" statements="10" coveredstatements="0" elements="12" coveredelements="0"/>
    </file>
    <file name="mock/project/root/services/backend/src/Model/StoryblokPost.php">
      <class name="App/Model/StoryblokPost" namespace="global">
        <metrics complexity="4" methods="1" coveredmethods="0" conditionals="0" coveredconditionals="0" statements="9" coveredstatements="6" elements="10" coveredelements="6"/>
      </class>
      <line num="25" type="method" name="__construct" visibility="public" complexity="4" crap="4.59" count="8"/>
      <line num="28" type="stmt" count="8"/>
      <line num="29" type="stmt" count="8"/>
      <line num="30" type="stmt" count="8"/>
      <line num="31" type="stmt" count="8"/>
      <line num="32" type="stmt" count="8"/>
      <line num="33" type="stmt" count="0"/>
      <line num="34" type="stmt" count="8"/>
      <line num="35" type="stmt" count="0"/>
      <line num="36" type="stmt" count="0"/>
      <metrics loc="40" ncloc="37" classes="1" methods="1" coveredmethods="0" conditionals="0" coveredconditionals="0" statements="9" coveredstatements="6" elements="10" coveredelements="6"/>
    </file>
    <file name="mock/project/root/services/backend/src/Resolver/AbstractSimpleBufferedFieldResolver.php">
      <class name="App/Resolver/AbstractSimpleBufferedFieldResolver" namespace="global">
        <metrics complexity="3" methods="2" coveredmethods="2" conditionals="0" coveredconditionals="0" statements="24" coveredstatements="24" elements="26" coveredelements="26"/>
      </class>
      <line num="35" type="method" name="resolve" visibility="public" complexity="2" crap="2" count="9"/>
      <line num="37" type="stmt" count="9"/>
      <line num="38" type="stmt" count="9"/>
      <line num="39" type="stmt" count="9"/>
      <line num="40" type="stmt" count="9"/>
      <line num="41" type="stmt" count="9"/>
      <line num="42" type="stmt" count="9"/>
      <line num="43" type="stmt" count="9"/>
      <line num="44" type="stmt" count="9"/>
      <line num="45" type="stmt" count="9"/>
      <line num="46" type="stmt" count="9"/>
      <line num="47" type="stmt" count="9"/>
      <line num="48" type="stmt" count="9"/>
      <line num="49" type="stmt" count="9"/>
      <line num="51" type="stmt" count="9"/>
      <line num="52" type="stmt" count="9"/>
      <line num="53" type="stmt" count="9"/>
      <line num="54" type="stmt" count="9"/>
      <line num="55" type="stmt" count="9"/>
      <line num="56" type="stmt" count="9"/>
      <line num="57" type="stmt" count="9"/>
      <line num="60" type="stmt" count="9"/>
      <line num="61" type="stmt" count="9"/>
      <line num="62" type="stmt" count="9"/>
      <line num="75" type="method" name="getCacheKey" visibility="protected" complexity="1" crap="1" count="9"/>
      <line num="77" type="stmt" count="9"/>
      <metrics loc="92" ncloc="49" classes="1" methods="2" coveredmethods="2" conditionals="0" coveredconditionals="0" statements="24" coveredstatements="24" elements="26" coveredelements="26"/>
    </file>
    <file name="mock/project/root/services/backend/src/Resolver/BufferedFieldResolverInterface.php">
      <metrics loc="19" ncloc="12" classes="0" methods="0" coveredmethods="0" conditionals="0" coveredconditionals="0" statements="0" coveredstatements="0" elements="0" coveredelements="0"/>
    </file>
    <file name="mock/project/root/services/backend/src/Resolver/DefaultFieldResolver.php">
      <class name="App/Resolver/DefaultFieldResolver" namespace="global">
        <metrics complexity="19" methods="7" coveredmethods="5" conditionals="0" coveredconditionals="0" statements="77" coveredstatements="62" elements="84" coveredelements="67"/>
      </class>
      <line num="26" type="method" name="__construct" visibility="public" complexity="1" crap="1" count="11"/>
      <line num="30" type="stmt" count="11"/>
      <line num="31" type="stmt" count="11"/>
      <line num="32" type="stmt" count="11"/>
      <line num="33" type="stmt" count="11"/>
      <line num="34" type="stmt" count="11"/>
      <line num="35" type="stmt" count="11"/>
      <line num="36" type="stmt" count="11"/>
      <line num="37" type="stmt" count="11"/>
      <line num="38" type="stmt" count="11"/>
      <line num="39" type="stmt" count="11"/>
      <line num="40" type="stmt" count="11"/>
      <line num="43" type="method" name="getBaseResolverNamespace" visibility="protected" complexity="1" crap="1" count="8"/>
      <line num="45" type="stmt" count="8"/>
      <line num="51" type="method" name="getSubscribedServices" visibility="public" complexity="1" crap="1" count="8"/>
      <line num="53" type="stmt" count="8"/>
      <line num="54" type="stmt" count="8"/>
      <line num="55" type="stmt" count="8"/>
      <line num="56" type="stmt" count="8"/>
      <line num="73" type="method" name="resolve" visibility="public" complexity="7" crap="10.42" count="11"/>
      <line num="78" type="stmt" count="11"/>
      <line num="79" type="stmt" count="11"/>
      <line num="80" type="stmt" count="3"/>
      <line num="87" type="stmt" count="11"/>
      <line num="88" type="stmt" count="11"/>
      <line num="89" type="stmt" count="11"/>
      <line num="90" type="stmt" count="11"/>
      <line num="92" type="stmt" count="10"/>
      <line num="93" type="stmt" count="0"/>
      <line num="94" type="stmt" count="0"/>
      <line num="95" type="stmt" count="0"/>
      <line num="96" type="stmt" count="0"/>
      <line num="97" type="stmt" count="0"/>
      <line num="98" type="stmt" count="0"/>
      <line num="102" type="stmt" count="10"/>
      <line num="104" type="stmt" count="10"/>
      <line num="105" type="stmt" count="2"/>
      <line num="106" type="stmt" count="0"/>
      <line num="107" type="stmt" count="0"/>
      <line num="108" type="stmt" count="0"/>
      <line num="109" type="stmt" count="0"/>
      <line num="110" type="stmt" count="0"/>
      <line num="111" type="stmt" count="0"/>
      <line num="112" type="stmt" count="0"/>
      <line num="113" type="stmt" count="2"/>
      <line num="114" type="stmt" count="2"/>
      <line num="115" type="stmt" count="2"/>
      <line num="117" type="stmt" count="1"/>
      <line num="122" type="stmt" count="1"/>
      <line num="123" type="stmt" count="1"/>
      <line num="124" type="stmt" count="1"/>
      <line num="125" type="stmt" count="1"/>
      <line num="127" type="stmt" count="1"/>
      <line num="131" type="stmt" count="0"/>
      <line num="138" type="method" name="getResolverFromType" visibility="private" complexity="4" crap="4.01" count="11"/>
      <line num="143" type="stmt" count="11"/>
      <line num="145" type="stmt" count="11"/>
      <line num="146" type="stmt" count="11"/>
      <line num="149" type="stmt" count="7"/>
      <line num="154" type="stmt" count="10"/>
      <line num="156" type="stmt" count="10"/>
      <line num="159" type="stmt" count="0"/>
      <line num="162" type="stmt" count="10"/>
      <line num="165" type="stmt" count="2"/>
      <line num="166" type="stmt" count="2"/>
      <line num="167" type="stmt" count="2"/>
      <line num="181" type="method" name="buildCoreResolverNamespace" visibility="private" complexity="2" crap="2" count="11"/>
      <line num="185" type="stmt" count="11"/>
      <line num="186" type="stmt" count="11"/>
      <line num="187" type="stmt" count="11"/>
      <line num="188" type="stmt" count="11"/>
      <line num="189" type="stmt" count="11"/>
      <line num="204" type="method" name="buildFullResolverNamespace" visibility="private" complexity="3" crap="3" count="10"/>
      <line num="206" type="stmt" count="10"/>
      <line num="207" type="stmt" count="9"/>
      <line num="210" type="stmt" count="4"/>
      <line num="211" type="stmt" count="4"/>
      <line num="212" type="stmt" count="4"/>
      <line num="213" type="stmt" count="4"/>
      <line num="215" type="stmt" count="4"/>
      <line num="216" type="stmt" count="4"/>
      <line num="217" type="stmt" count="4"/>
      <line num="218" type="stmt" count="4"/>
      <line num="219" type="stmt" count="4"/>
      <metrics loc="222" ncloc="158" classes="1" methods="7" coveredmethods="5" conditionals="0" coveredconditionals="0" statements="77" coveredstatements="62" elements="84" coveredelements="67"/>
    </file>
    <file name="mock/project/root/services/backend/src/Resolver/FieldResolverInterface.php">
      <metrics loc="18" ncloc="11" classes="0" methods="0" coveredmethods="0" conditionals="0" coveredconditionals="0" statements="0" coveredstatements="0" elements="0" coveredelements="0"/>
    </file>
    <file name="mock/project/root/services/backend/src/Resolver/Mutation/ContactForm/SubmitResolver.php">
      <class name="App/Resolver/Mutation/ContactForm/SubmitResolver" namespace="global">
        <metrics complexity="2" methods="2" coveredmethods="2" conditionals="0" coveredconditionals="0" statements="8" coveredstatements="8" elements="10" coveredelements="10"/>
      </class>
      <line num="15" type="method" name="__construct" visibility="public" complexity="1" crap="1" count="1"/>
      <line num="19" type="stmt" count="1"/>
      <line num="21" type="method" name="resolve" visibility="public" complexity="1" crap="1" count="1"/>
      <line num="24" type="stmt" count="1"/>
      <line num="27" type="stmt" count="1"/>
      <line num="29" type="stmt" count="1"/>
      <line num="31" type="stmt" count="1"/>
      <line num="32" type="stmt" count="1"/>
      <line num="33" type="stmt" count="1"/>
      <line num="35" type="stmt" count="1"/>
      <metrics loc="38" ncloc="36" classes="1" methods="2" coveredmethods="2" conditionals="0" coveredconditionals="0" statements="8" coveredstatements="8" elements="10" coveredelements="10"/>
    </file>
    <file name="mock/project/root/services/backend/src/Resolver/Query/ArticlesResolver.php">
      <class name="App/Resolver/Query/ArticlesResolver" namespace="global">
        <metrics complexity="6" methods="2" coveredmethods="2" conditionals="0" coveredconditionals="0" statements="9" coveredstatements="9" elements="11" coveredelements="11"/>
      </class>
      <line num="14" type="method" name="__construct" visibility="public" complexity="1" crap="1" count="8"/>
      <line num="17" type="stmt" count="8"/>
      <line num="22" type="method" name="resolve" visibility="public" complexity="5" crap="5" count="8"/>
      <line num="24" type="stmt" count="8"/>
      <line num="25" type="stmt" count="4"/>
      <line num="26" type="stmt" count="1"/>
      <line num="31" type="stmt" count="3"/>
      <line num="34" type="stmt" count="4"/>
      <line num="35" type="stmt" count="4"/>
      <line num="36" type="stmt" count="4"/>
      <line num="37" type="stmt" count="4"/>
      <metrics loc="40" ncloc="35" classes="1" methods="2" coveredmethods="2" conditionals="0" coveredconditionals="0" statements="9" coveredstatements="9" elements="11" coveredelements="11"/>
    </file>
    <file name="mock/project/root/services/backend/src/Resolver/Query/ProjectsResolver.php">
      <class name="App/Resolver/Query/ProjectsResolver" namespace="global">
        <metrics complexity="6" methods="2" coveredmethods="2" conditionals="0" coveredconditionals="0" statements="9" coveredstatements="9" elements="11" coveredelements="11"/>
      </class>
      <line num="14" type="method" name="__construct" visibility="public" complexity="1" crap="1" count="8"/>
      <line num="17" type="stmt" count="8"/>
      <line num="22" type="method" name="resolve" visibility="public" complexity="5" crap="5" count="8"/>
      <line num="24" type="stmt" count="8"/>
      <line num="25" type="stmt" count="4"/>
      <line num="26" type="stmt" count="1"/>
      <line num="31" type="stmt" count="3"/>
      <line num="34" type="stmt" count="4"/>
      <line num="35" type="stmt" count="4"/>
      <line num="36" type="stmt" count="4"/>
      <line num="37" type="stmt" count="4"/>
      <metrics loc="40" ncloc="35" classes="1" methods="2" coveredmethods="2" conditionals="0" coveredconditionals="0" statements="9" coveredstatements="9" elements="11" coveredelements="11"/>
    </file>
    <file name="mock/project/root/services/backend/src/Resolver/Query/StatisticsResolver.php">
      <class name="App/Resolver/Query/StatisticsResolver" namespace="global">
        <metrics complexity="4" methods="3" coveredmethods="3" conditionals="0" coveredconditionals="0" statements="7" coveredstatements="7" elements="10" coveredelements="10"/>
      </class>
      <line num="12" type="method" name="__construct" visibility="public" complexity="1" crap="1" count="5"/>
      <line num="15" type="stmt" count="5"/>
      <line num="17" type="method" name="resolve" visibility="public" complexity="1" crap="1" count="5"/>
      <line num="19" type="stmt" count="5"/>
      <line num="20" type="stmt" count="5"/>
      <line num="21" type="stmt" count="5"/>
      <line num="31" type="method" name="getId" visibility="private" complexity="2" crap="2" count="5"/>
      <line num="34" type="stmt" count="5"/>
      <line num="35" type="stmt" count="1"/>
      <line num="36" type="stmt" count="1"/>
      <metrics loc="40" ncloc="33" classes="1" methods="3" coveredmethods="3" conditionals="0" coveredconditionals="0" statements="7" coveredstatements="7" elements="10" coveredelements="10"/>
    </file>
    <file name="mock/project/root/services/backend/src/Resolver/Query/Statistics/ErrorsResolver.php">
      <class name="App/Resolver/Query/Statistics/ErrorsResolver" namespace="global">
        <metrics complexity="2" methods="2" coveredmethods="2" conditionals="0" coveredconditionals="0" statements="5" coveredstatements="5" elements="7" coveredelements="7"/>
      </class>
      <line num="13" type="method" name="__construct" visibility="public" complexity="1" crap="1" count="2"/>
      <line num="16" type="stmt" count="2"/>
      <line num="27" type="method" name="resolveValue" visibility="protected" complexity="1" crap="1" count="2"/>
      <line num="29" type="stmt" count="2"/>
      <line num="30" type="stmt" count="2"/>
      <line num="31" type="stmt" count="2"/>
      <line num="32" type="stmt" count="2"/>
      <metrics loc="35" ncloc="26" classes="1" methods="2" coveredmethods="2" conditionals="0" coveredconditionals="0" statements="5" coveredstatements="5" elements="7" coveredelements="7"/>
    </file>
    <file name="mock/project/root/services/backend/src/Resolver/Query/Statistics/LastReleaseResolver.php">
      <class name="App/Resolver/Query/Statistics/LastReleaseResolver" namespace="global">
        <metrics complexity="2" methods="2" coveredmethods="2" conditionals="0" coveredconditionals="0" statements="7" coveredstatements="7" elements="9" coveredelements="9"/>
      </class>
      <line num="13" type="method" name="__construct" visibility="public" complexity="1" crap="1" count="2"/>
      <line num="16" type="stmt" count="2"/>
      <line num="26" type="method" name="resolveValue" visibility="public" complexity="1" crap="1" count="2"/>
      <line num="28" type="stmt" count="2"/>
      <line num="29" type="stmt" count="2"/>
      <line num="30" type="stmt" count="2"/>
      <line num="31" type="stmt" count="2"/>
      <line num="32" type="stmt" count="2"/>
      <line num="33" type="stmt" count="2"/>
      <metrics loc="36" ncloc="28" classes="1" methods="2" coveredmethods="2" conditionals="0" coveredconditionals="0" statements="7" coveredstatements="7" elements="9" coveredelements="9"/>
    </file>
    <file name="mock/project/root/services/backend/src/Resolver/Query/Statistics/ReleasesResolver.php">
      <class name="App/Resolver/Query/Statistics/ReleasesResolver" namespace="global">
        <metrics complexity="2" methods="2" coveredmethods="2" conditionals="0" coveredconditionals="0" statements="5" coveredstatements="5" elements="7" coveredelements="7"/>
      </class>
      <line num="13" type="method" name="__construct" visibility="public" complexity="1" crap="1" count="2"/>
      <line num="16" type="stmt" count="2"/>
      <line num="27" type="method" name="resolveValue" visibility="public" complexity="1" crap="1" count="2"/>
      <line num="29" type="stmt" count="2"/>
      <line num="30" type="stmt" count="2"/>
      <line num="31" type="stmt" count="2"/>
      <line num="32" type="stmt" count="2"/>
      <metrics loc="35" ncloc="26" classes="1" methods="2" coveredmethods="2" conditionals="0" coveredconditionals="0" statements="5" coveredstatements="5" elements="7" coveredelements="7"/>
    </file>
    <file name="mock/project/root/services/backend/src/Service/ApiRequestHandlerService.php">
      <class name="App/Service/ApiRequestHandlerService" namespace="global">
        <metrics complexity="10" methods="6" coveredmethods="6" conditionals="0" coveredconditionals="0" statements="32" coveredstatements="32" elements="38" coveredelements="38"/>
      </class>
      <line num="31" type="method" name="__construct" visibility="public" complexity="1" crap="1" count="16"/>
      <line num="35" type="stmt" count="16"/>
      <line num="41" type="method" name="handleRequest" visibility="public" complexity="1" crap="1" count="9"/>
      <line num="43" type="stmt" count="9"/>
      <line num="44" type="stmt" count="9"/>
      <line num="53" type="method" name="getStandardServer" visibility="public" complexity="4" crap="4" count="9"/>
      <line num="55" type="stmt" count="9"/>
      <line num="56" type="stmt" count="9"/>
      <line num="57" type="stmt" count="9"/>
      <line num="58" type="stmt" count="9"/>
      <line num="59" type="stmt" count="9"/>
      <line num="60" type="stmt" count="9"/>
      <line num="61" type="stmt" count="9"/>
      <line num="62" type="stmt" count="9"/>
      <line num="63" type="stmt" count="9"/>
      <line num="64" type="stmt" count="9"/>
      <line num="65" type="stmt" count="9"/>
      <line num="66" type="stmt" count="9"/>
      <line num="67" type="stmt" count="9"/>
      <line num="70" type="stmt" count="9"/>
      <line num="77" type="method" name="getApiSchema" visibility="public" complexity="1" crap="1" count="13"/>
      <line num="79" type="stmt" count="13"/>
      <line num="80" type="stmt" count="13"/>
      <line num="81" type="stmt" count="13"/>
      <line num="82" type="stmt" count="13"/>
      <line num="83" type="stmt" count="13"/>
      <line num="84" type="stmt" count="13"/>
      <line num="87" type="method" name="getErrorFormatter" visibility="public" complexity="1" crap="1" count="10"/>
      <line num="89" type="stmt" count="10"/>
      <line num="90" type="stmt" count="1"/>
      <line num="91" type="stmt" count="1"/>
      <line num="92" type="stmt" count="10"/>
      <line num="98" type="method" name="getTypeLoader" visibility="public" complexity="2" crap="2" count="13"/>
      <line num="100" type="stmt" count="13"/>
      <line num="102" type="stmt" count="12"/>
      <line num="103" type="stmt" count="2"/>
      <line num="113" type="stmt" count="2"/>
      <line num="115" type="stmt" count="13"/>
      <metrics loc="118" ncloc="92" classes="1" methods="6" coveredmethods="6" conditionals="0" coveredconditionals="0" statements="32" coveredstatements="32" elements="38" coveredelements="38"/>
    </file>
    <file name="mock/project/root/services/backend/src/Service/EnvironmentConfigurationService.php">
      <class name="App/Service/EnvironmentConfigurationService" namespace="global">
        <metrics complexity="13" methods="7" coveredmethods="7" conditionals="0" coveredconditionals="0" statements="24" coveredstatements="24" elements="31" coveredelements="31"/>
      </class>
      <line num="12" type="method" name="__construct" visibility="public" complexity="1" crap="1" count="35"/>
      <line num="15" type="stmt" count="35"/>
      <line num="17" type="method" name="getTraceSampler" visibility="public" complexity="4" crap="4" count="5"/>
      <line num="19" type="stmt" count="5"/>
      <line num="20" type="stmt" count="5"/>
      <line num="23" type="stmt" count="2"/>
      <line num="26" type="stmt" count="3"/>
      <line num="27" type="stmt" count="2"/>
      <line num="30" type="stmt" count="1"/>
      <line num="31" type="stmt" count="5"/>
      <line num="34" type="method" name="isTestingEnvironment" visibility="public" complexity="2" crap="2" count="16"/>
      <line num="37" type="stmt" count="16"/>
      <line num="38" type="stmt" count="2"/>
      <line num="39" type="stmt" count="2"/>
      <line num="46" type="method" name="getEnvironment" visibility="public" complexity="1" crap="1" count="26"/>
      <line num="53" type="stmt" count="26"/>
      <line num="54" type="stmt" count="26"/>
      <line num="55" type="stmt" count="26"/>
      <line num="56" type="stmt" count="26"/>
      <line num="57" type="stmt" count="26"/>
      <line num="58" type="stmt" count="26"/>
      <line num="61" type="method" name="isDevelopmentEnvironment" visibility="public" complexity="2" crap="2" count="15"/>
      <line num="64" type="stmt" count="15"/>
      <line num="65" type="stmt" count="2"/>
      <line num="66" type="stmt" count="2"/>
      <line num="70" type="method" name="getRelease" visibility="public" complexity="1" crap="1" count="1"/>
      <line num="72" type="stmt" count="1"/>
      <line num="75" type="method" name="isProductionEnvironment" visibility="public" complexity="2" crap="2" count="5"/>
      <line num="78" type="stmt" count="5"/>
      <line num="79" type="stmt" count="2"/>
      <line num="80" type="stmt" count="2"/>
      <metrics loc="84" ncloc="74" classes="1" methods="7" coveredmethods="7" conditionals="0" coveredconditionals="0" statements="24" coveredstatements="24" elements="31" coveredelements="31"/>
    </file>
    <file name="mock/project/root/services/backend/src/Service/IdentityService.php">
      <class name="App/Service/IdentityService" namespace="global">
        <metrics complexity="2" methods="2" coveredmethods="2" conditionals="0" coveredconditionals="0" statements="4" coveredstatements="4" elements="6" coveredelements="6"/>
      </class>
      <line num="11" type="method" name="__construct" visibility="public" complexity="1" crap="1" count="10"/>
      <line num="14" type="stmt" count="10"/>
      <line num="24" type="method" name="getIdentity" visibility="public" complexity="1" crap="1" count="10"/>
      <line num="26" type="stmt" count="10"/>
      <line num="27" type="stmt" count="10"/>
      <line num="28" type="stmt" count="10"/>
      <metrics loc="31" ncloc="23" classes="1" methods="2" coveredmethods="2" conditionals="0" coveredconditionals="0" statements="4" coveredstatements="4" elements="6" coveredelements="6"/>
    </file>
    <file name="mock/project/root/services/backend/src/Service/NotificationDispatcherService.php">
      <class name="App/Service/NotificationDispatcherService" namespace="global">
        <metrics complexity="2" methods="2" coveredmethods="2" conditionals="0" coveredconditionals="0" statements="9" coveredstatements="9" elements="11" coveredelements="11"/>
      </class>
      <line num="12" type="method" name="__construct" visibility="public" complexity="1" crap="1" count="2"/>
      <line num="16" type="stmt" count="2"/>
      <line num="18" type="method" name="dispatchNotification" visibility="public" complexity="1" crap="1" count="2"/>
      <line num="20" type="stmt" count="2"/>
      <line num="21" type="stmt" count="2"/>
      <line num="22" type="stmt" count="2"/>
      <line num="23" type="stmt" count="2"/>
      <line num="24" type="stmt" count="2"/>
      <line num="25" type="stmt" count="2"/>
      <line num="26" type="stmt" count="2"/>
      <line num="28" type="stmt" count="2"/>
      <metrics loc="31" ncloc="31" classes="1" methods="2" coveredmethods="2" conditionals="0" coveredconditionals="0" statements="9" coveredstatements="9" elements="11" coveredelements="11"/>
    </file>
    <file name="mock/project/root/services/backend/src/Service/PostFetcherService/AbstractPostFetcherService.php">
      <class name="App/Service/PostFetcherService/AbstractPostFetcherService" namespace="global">
        <metrics complexity="15" methods="5" coveredmethods="4" conditionals="0" coveredconditionals="0" statements="95" coveredstatements="94" elements="100" coveredelements="98"/>
      </class>
      <line num="20" type="method" name="__construct" visibility="public" complexity="1" crap="1" count="14"/>
      <line num="25" type="stmt" count="14"/>
      <line num="37" type="method" name="fetchPosts" visibility="public" complexity="2" crap="2" count="6"/>
      <line num="40" type="stmt" count="6"/>
      <line num="41" type="stmt" count="6"/>
      <line num="42" type="stmt" count="6"/>
      <line num="43" type="stmt" count="6"/>
      <line num="44" type="stmt" count="6"/>
      <line num="45" type="stmt" count="6"/>
      <line num="46" type="stmt" count="6"/>
      <line num="47" type="stmt" count="6"/>
      <line num="48" type="stmt" count="6"/>
      <line num="49" type="stmt" count="6"/>
      <line num="50" type="stmt" count="6"/>
      <line num="51" type="stmt" count="6"/>
      <line num="52" type="stmt" count="6"/>
      <line num="53" type="stmt" count="6"/>
      <line num="55" type="stmt" count="6"/>
      <line num="56" type="stmt" count="6"/>
      <line num="57" type="stmt" count="6"/>
      <line num="58" type="stmt" count="6"/>
      <line num="59" type="stmt" count="6"/>
      <line num="60" type="stmt" count="6"/>
      <line num="61" type="stmt" count="6"/>
      <line num="62" type="stmt" count="6"/>
      <line num="64" type="stmt" count="4"/>
      <line num="66" type="stmt" count="4"/>
      <line num="67" type="stmt" count="2"/>
      <line num="68" type="stmt" count="2"/>
      <line num="69" type="stmt" count="2"/>
      <line num="70" type="stmt" count="2"/>
      <line num="71" type="stmt" count="2"/>
      <line num="74" type="stmt" count="2"/>
      <line num="86" type="method" name="buildPostQuery" visibility="protected" complexity="2" crap="2" count="14"/>
      <line num="91" type="stmt" count="14"/>
      <line num="93" type="stmt" count="14"/>
      <line num="94" type="stmt" count="14"/>
      <line num="95" type="stmt" count="14"/>
      <line num="96" type="stmt" count="14"/>
      <line num="97" type="stmt" count="14"/>
      <line num="98" type="stmt" count="14"/>
      <line num="99" type="stmt" count="14"/>
      <line num="100" type="stmt" count="14"/>
      <line num="101" type="stmt" count="14"/>
      <line num="102" type="stmt" count="14"/>
      <line num="103" type="stmt" count="14"/>
      <line num="104" type="stmt" count="14"/>
      <line num="105" type="stmt" count="14"/>
      <line num="106" type="stmt" count="14"/>
      <line num="107" type="stmt" count="14"/>
      <line num="108" type="stmt" count="14"/>
      <line num="109" type="stmt" count="14"/>
      <line num="127" type="method" name="runQuery" visibility="protected" complexity="7" crap="7" count="14"/>
      <line num="129" type="stmt" count="14"/>
      <line num="131" type="stmt" count="14"/>
      <line num="132" type="stmt" count="14"/>
      <line num="133" type="stmt" count="14"/>
      <line num="134" type="stmt" count="14"/>
      <line num="135" type="stmt" count="14"/>
      <line num="137" type="stmt" count="10"/>
      <line num="138" type="stmt" count="8"/>
      <line num="139" type="stmt" count="2"/>
      <line num="142" type="stmt" count="8"/>
      <line num="144" type="stmt" count="8"/>
      <line num="147" type="stmt" count="0"/>
      <line num="150" type="stmt" count="8"/>
      <line num="151" type="stmt" count="4"/>
      <line num="152" type="stmt" count="4"/>
      <line num="153" type="stmt" count="4"/>
      <line num="154" type="stmt" count="4"/>
      <line num="155" type="stmt" count="4"/>
      <line num="156" type="stmt" count="4"/>
      <line num="157" type="stmt" count="4"/>
      <line num="158" type="stmt" count="4"/>
      <line num="161" type="stmt" count="4"/>
      <line num="164" type="stmt" count="10"/>
      <line num="166" type="stmt" count="10"/>
      <line num="187" type="method" name="fetchPost" visibility="public" complexity="3" crap="3" count="8"/>
      <line num="190" type="stmt" count="8"/>
      <line num="191" type="stmt" count="8"/>
      <line num="192" type="stmt" count="8"/>
      <line num="193" type="stmt" count="8"/>
      <line num="194" type="stmt" count="8"/>
      <line num="195" type="stmt" count="8"/>
      <line num="196" type="stmt" count="8"/>
      <line num="197" type="stmt" count="8"/>
      <line num="198" type="stmt" count="8"/>
      <line num="199" type="stmt" count="8"/>
      <line num="201" type="stmt" count="8"/>
      <line num="203" type="stmt" count="6"/>
      <line num="204" type="stmt" count="2"/>
      <line num="205" type="stmt" count="2"/>
      <line num="208" type="stmt" count="4"/>
      <line num="211" type="stmt" count="4"/>
      <line num="212" type="stmt" count="4"/>
      <line num="213" type="stmt" count="2"/>
      <line num="214" type="stmt" count="2"/>
      <line num="215" type="stmt" count="2"/>
      <line num="216" type="stmt" count="2"/>
      <line num="219" type="stmt" count="2"/>
      <metrics loc="222" ncloc="173" classes="1" methods="5" coveredmethods="4" conditionals="0" coveredconditionals="0" statements="95" coveredstatements="94" elements="100" coveredelements="98"/>
    </file>
    <file name="mock/project/root/services/backend/src/Service/PostFetcherService/ArticlePostFetcherService.php">
      <class name="App/Service/PostFetcherService/ArticlePostFetcherService" namespace="global">
        <metrics complexity="3" methods="3" coveredmethods="3" conditionals="0" coveredconditionals="0" statements="31" coveredstatements="31" elements="34" coveredelements="34"/>
      </class>
      <line num="20" type="method" name="getFolder" visibility="protected" complexity="1" crap="1" count="7"/>
      <line num="22" type="stmt" count="7"/>
      <line num="28" type="method" name="getSupportedContentTypes" visibility="protected" complexity="1" crap="1" count="7"/>
      <line num="30" type="stmt" count="7"/>
      <line num="33" type="method" name="getFieldSelection" visibility="protected" complexity="1" crap="1" count="7"/>
      <line num="35" type="stmt" count="7"/>
      <line num="36" type="stmt" count="7"/>
      <line num="37" type="stmt" count="7"/>
      <line num="38" type="stmt" count="7"/>
      <line num="39" type="stmt" count="7"/>
      <line num="40" type="stmt" count="7"/>
      <line num="41" type="stmt" count="7"/>
      <line num="42" type="stmt" count="7"/>
      <line num="43" type="stmt" count="7"/>
      <line num="44" type="stmt" count="7"/>
      <line num="45" type="stmt" count="7"/>
      <line num="46" type="stmt" count="7"/>
      <line num="47" type="stmt" count="7"/>
      <line num="48" type="stmt" count="7"/>
      <line num="49" type="stmt" count="7"/>
      <line num="50" type="stmt" count="7"/>
      <line num="51" type="stmt" count="7"/>
      <line num="52" type="stmt" count="7"/>
      <line num="53" type="stmt" count="7"/>
      <line num="54" type="stmt" count="7"/>
      <line num="55" type="stmt" count="7"/>
      <line num="56" type="stmt" count="7"/>
      <line num="57" type="stmt" count="7"/>
      <line num="58" type="stmt" count="7"/>
      <line num="59" type="stmt" count="7"/>
      <line num="60" type="stmt" count="7"/>
      <line num="61" type="stmt" count="7"/>
      <line num="62" type="stmt" count="7"/>
      <line num="63" type="stmt" count="7"/>
      <metrics loc="66" ncloc="60" classes="1" methods="3" coveredmethods="3" conditionals="0" coveredconditionals="0" statements="31" coveredstatements="31" elements="34" coveredelements="34"/>
    </file>
    <file name="mock/project/root/services/backend/src/Service/PostFetcherService/ProjectPostFetcherService.php">
      <class name="App/Service/PostFetcherService/ProjectPostFetcherService" namespace="global">
        <metrics complexity="3" methods="3" coveredmethods="3" conditionals="0" coveredconditionals="0" statements="15" coveredstatements="15" elements="18" coveredelements="18"/>
      </class>
      <line num="20" type="method" name="getFolder" visibility="protected" complexity="1" crap="1" count="7"/>
      <line num="22" type="stmt" count="7"/>
      <line num="28" type="method" name="getSupportedContentTypes" visibility="protected" complexity="1" crap="1" count="7"/>
      <line num="30" type="stmt" count="7"/>
      <line num="33" type="method" name="getFieldSelection" visibility="protected" complexity="1" crap="1" count="7"/>
      <line num="35" type="stmt" count="7"/>
      <line num="36" type="stmt" count="7"/>
      <line num="37" type="stmt" count="7"/>
      <line num="38" type="stmt" count="7"/>
      <line num="39" type="stmt" count="7"/>
      <line num="40" type="stmt" count="7"/>
      <line num="41" type="stmt" count="7"/>
      <line num="42" type="stmt" count="7"/>
      <line num="43" type="stmt" count="7"/>
      <line num="44" type="stmt" count="7"/>
      <line num="45" type="stmt" count="7"/>
      <line num="46" type="stmt" count="7"/>
      <line num="47" type="stmt" count="7"/>
      <metrics loc="50" ncloc="44" classes="1" methods="3" coveredmethods="3" conditionals="0" coveredconditionals="0" statements="15" coveredstatements="15" elements="18" coveredelements="18"/>
    </file>
    <file name="mock/project/root/services/backend/src/Service/SentryService.php">
      <class name="App/Service/SentryService" namespace="global">
        <metrics complexity="9" methods="5" coveredmethods="5" conditionals="0" coveredconditionals="0" statements="39" coveredstatements="39" elements="44" coveredelements="44"/>
      </class>
      <line num="21" type="method" name="__construct" visibility="public" complexity="1" crap="1" count="20"/>
      <line num="27" type="stmt" count="20"/>
      <line num="34" type="method" name="getLatestRelease" visibility="public" complexity="3" crap="3" count="7"/>
      <line num="37" type="stmt" count="7"/>
      <line num="39" type="stmt" count="6"/>
      <line num="40" type="stmt" count="1"/>
      <line num="43" type="stmt" count="5"/>
      <line num="44" type="stmt" count="1"/>
      <line num="45" type="stmt" count="1"/>
      <line num="46" type="stmt" count="1"/>
      <line num="58" type="method" name="getReleases" visibility="public" complexity="2" crap="2" count="14"/>
      <line num="60" type="stmt" count="14"/>
      <line num="61" type="stmt" count="14"/>
      <line num="62" type="stmt" count="14"/>
      <line num="63" type="stmt" count="14"/>
      <line num="65" type="stmt" count="14"/>
      <line num="67" type="stmt" count="13"/>
      <line num="68" type="stmt" count="1"/>
      <line num="69" type="stmt" count="1"/>
      <line num="70" type="stmt" count="1"/>
      <line num="71" type="stmt" count="1"/>
      <line num="72" type="stmt" count="1"/>
      <line num="75" type="stmt" count="12"/>
      <line num="76" type="stmt" count="12"/>
      <line num="77" type="stmt" count="12"/>
      <line num="78" type="stmt" count="12"/>
      <line num="87" type="method" name="decodeResponse" visibility="private" complexity="1" crap="1" count="17"/>
      <line num="89" type="stmt" count="17"/>
      <line num="99" type="method" name="getErrors" visibility="public" complexity="2" crap="2" count="6"/>
      <line num="101" type="stmt" count="6"/>
      <line num="102" type="stmt" count="6"/>
      <line num="103" type="stmt" count="6"/>
      <line num="104" type="stmt" count="6"/>
      <line num="106" type="stmt" count="6"/>
      <line num="108" type="stmt" count="6"/>
      <line num="109" type="stmt" count="1"/>
      <line num="110" type="stmt" count="1"/>
      <line num="111" type="stmt" count="1"/>
      <line num="112" type="stmt" count="1"/>
      <line num="113" type="stmt" count="1"/>
      <line num="116" type="stmt" count="5"/>
      <line num="117" type="stmt" count="5"/>
      <line num="118" type="stmt" count="5"/>
      <line num="119" type="stmt" count="5"/>
      <metrics loc="122" ncloc="96" classes="1" methods="5" coveredmethods="5" conditionals="0" coveredconditionals="0" statements="39" coveredstatements="39" elements="44" coveredelements="44"/>
    </file>
    <file name="mock/project/root/services/backend/src/Service/TypeRegistryInterface.php">
      <metrics loc="52" ncloc="21" classes="0" methods="0" coveredmethods="0" conditionals="0" coveredconditionals="0" statements="0" coveredstatements="0" elements="0" coveredelements="0"/>
    </file>
    <file name="mock/project/root/services/backend/src/Service/TypeRegistryService.php">
      <class name="App/Service/TypeRegistryService" namespace="global">
        <metrics complexity="17" methods="6" coveredmethods="6" conditionals="0" coveredconditionals="0" statements="49" coveredstatements="49" elements="55" coveredelements="55"/>
      </class>
      <line num="28" type="method" name="__construct" visibility="public" complexity="1" crap="1" count="27"/>
      <line num="33" type="stmt" count="27"/>
      <line num="35" type="stmt" count="27"/>
      <line num="36" type="stmt" count="27"/>
      <line num="37" type="stmt" count="27"/>
      <line num="38" type="stmt" count="27"/>
      <line num="39" type="stmt" count="27"/>
      <line num="40" type="stmt" count="27"/>
      <line num="41" type="stmt" count="27"/>
      <line num="42" type="stmt" count="27"/>
      <line num="43" type="stmt" count="27"/>
      <line num="49" type="method" name="getSubscribedServices" visibility="public" complexity="1" crap="1" count="27"/>
      <line num="51" type="stmt" count="27"/>
      <line num="52" type="stmt" count="27"/>
      <line num="53" type="stmt" count="27"/>
      <line num="54" type="stmt" count="27"/>
      <line num="55" type="stmt" count="27"/>
      <line num="56" type="stmt" count="27"/>
      <line num="57" type="stmt" count="27"/>
      <line num="66" type="method" name="getTypeByClass" visibility="public" complexity="2" crap="2" count="15"/>
      <line num="68" type="stmt" count="15"/>
      <line num="70" type="stmt" count="15"/>
      <line num="71" type="stmt" count="2"/>
      <line num="74" type="stmt" count="13"/>
      <line num="83" type="method" name="getTypeByName" visibility="public" complexity="7" crap="7" count="21"/>
      <line num="85" type="stmt" count="21"/>
      <line num="93" type="stmt" count="21"/>
      <line num="94" type="stmt" count="21"/>
      <line num="96" type="stmt" count="10"/>
      <line num="99" type="stmt" count="19"/>
      <line num="100" type="stmt" count="15"/>
      <line num="102" type="stmt" count="15"/>
      <line num="103" type="stmt" count="1"/>
      <line num="106" type="stmt" count="14"/>
      <line num="109" type="stmt" count="18"/>
      <line num="118" type="method" name="registerType" visibility="public" complexity="3" crap="3" count="16"/>
      <line num="120" type="stmt" count="16"/>
      <line num="121" type="stmt" count="1"/>
      <line num="122" type="stmt" count="1"/>
      <line num="123" type="stmt" count="1"/>
      <line num="126" type="stmt" count="15"/>
      <line num="127" type="stmt" count="1"/>
      <line num="128" type="stmt" count="1"/>
      <line num="129" type="stmt" count="1"/>
      <line num="132" type="stmt" count="15"/>
      <line num="134" type="stmt" count="15"/>
      <line num="140" type="method" name="getEnumType" visibility="public" complexity="3" crap="3" count="9"/>
      <line num="142" type="stmt" count="9"/>
      <line num="143" type="stmt" count="1"/>
      <line num="146" type="stmt" count="8"/>
      <line num="150" type="stmt" count="8"/>
      <line num="152" type="stmt" count="5"/>
      <line num="153" type="stmt" count="8"/>
      <line num="155" type="stmt" count="8"/>
      <line num="157" type="stmt" count="8"/>
      <metrics loc="161" ncloc="122" classes="1" methods="6" coveredmethods="6" conditionals="0" coveredconditionals="0" statements="49" coveredstatements="49" elements="55" coveredelements="55"/>
    </file>
    <file name="mock/project/root/services/backend/src/Subscriber/IdentitySubscriber.php">
      <class name="App/Subscriber/IdentitySubscriber" namespace="global">
        <metrics complexity="3" methods="3" coveredmethods="3" conditionals="0" coveredconditionals="0" statements="9" coveredstatements="9" elements="12" coveredelements="12"/>
      </class>
      <line num="18" type="method" name="__construct" visibility="public" complexity="1" crap="1" count="9"/>
      <line num="21" type="stmt" count="9"/>
      <line num="23" type="method" name="getSubscribedEvents" visibility="public" complexity="1" crap="1" count="1"/>
      <line num="25" type="stmt" count="1"/>
      <line num="26" type="stmt" count="1"/>
      <line num="27" type="stmt" count="1"/>
      <line num="30" type="method" name="onRequest" visibility="public" complexity="1" crap="1" count="9"/>
      <line num="32" type="stmt" count="9"/>
      <line num="33" type="stmt" count="9"/>
      <line num="34" type="stmt" count="9"/>
      <line num="35" type="stmt" count="9"/>
      <line num="36" type="stmt" count="9"/>
      <metrics loc="39" ncloc="35" classes="1" methods="3" coveredmethods="3" conditionals="0" coveredconditionals="0" statements="9" coveredstatements="9" elements="12" coveredelements="12"/>
    </file>
    <metrics files="50" loc="2716" ncloc="2226" classes="37" methods="107" coveredmethods="94" conditionals="0" coveredconditionals="0" statements="733" coveredstatements="683" elements="840" coveredelements="777"/>
  </project>
</coverage>
